INFO: [HLS 200-10] Running 'C:/Xilinx/Vitis_HLS/2021.2/bin/unwrapped/win64.o/vitis_hls.exe'
INFO: [HLS 200-10] For user 'Keshav' on host 'desktop-j766hpl' (Windows NT_amd64 version 6.2) on Thu Jan 28 22:32:02 +1300 2021
INFO: [HLS 200-10] In directory 'C:/git/bldc-driver-fpga/hardware_design/hls/inverse_clarke'
Sourcing Tcl script 'C:/git/bldc-driver-fpga/hardware_design/hls/inverse_clarke/inverse_clarke/solution1/export.tcl'
INFO: [HLS 200-1510] Running: open_project inverse_clarke 
INFO: [HLS 200-10] Opening project 'C:/git/bldc-driver-fpga/hardware_design/hls/inverse_clarke/inverse_clarke'.
INFO: [HLS 200-1510] Running: set_top inverse_clarke 
INFO: [HLS 200-1510] Running: add_files inverse_clarke.cpp 
INFO: [HLS 200-10] Adding design file 'inverse_clarke.cpp' to the project
INFO: [HLS 200-1510] Running: add_files inverse_clarke.h 
INFO: [HLS 200-10] Adding design file 'inverse_clarke.h' to the project
INFO: [HLS 200-1510] Running: add_files trig_lookup.h 
INFO: [HLS 200-10] Adding design file 'trig_lookup.h' to the project
INFO: [HLS 200-1510] Running: open_solution solution1 -flow_target vivado 
INFO: [HLS 200-10] Opening solution 'C:/git/bldc-driver-fpga/hardware_design/hls/inverse_clarke/inverse_clarke/solution1'.
INFO: [SYN 201-201] Setting up clock 'default' with a period of 5ns.
INFO: [HLS 200-1611] Setting target device to 'xc7z020-clg400-1'
INFO: [HLS 200-1505] Using flow_target 'vivado'
Resolution: For help on HLS 200-1505 see www.xilinx.com/cgi-bin/docs/rdoc?v=2021.2;t=hls+guidance;d=200-1505.html
INFO: [HLS 200-1464] Running solution command: config_export -format=ip_catalog
INFO: [HLS 200-1464] Running solution command: config_export -output=C:/git/bldc-driver-fpga/hardware_design/hls/generated_ip/inverse_clarke
INFO: [HLS 200-1464] Running solution command: config_export -rtl=vhdl
INFO: [HLS 200-1464] Running solution command: config_export -vivado_clock=5
INFO: [HLS 200-1510] Running: set_part xc7z020clg400-1 
INFO: [HLS 200-1510] Running: create_clock -period 5 -name default 
INFO: [SYN 201-201] Setting up clock 'default' with a period of 5ns.
INFO: [HLS 200-1510] Running: config_export -format ip_catalog -output C:/git/bldc-driver-fpga/hardware_design/hls/generated_ip/inverse_clarke -rtl vhdl -vivado_clock 5 
INFO: [HLS 200-1510] Running: export_design -rtl vhdl -format ip_catalog -output C:/git/bldc-driver-fpga/hardware_design/hls/generated_ip/inverse_clarke 
INFO: [IMPL 213-8] Exporting RTL as a Vivado IP.

****** Vivado v2021.2 (64-bit)
  **** SW Build 3367213 on Tue Oct 19 02:48:09 MDT 2021
  **** IP Build 3369179 on Thu Oct 21 08:25:16 MDT 2021
    ** Copyright 1986-2021 Xilinx, Inc. All Rights Reserved.

Sourcing tcl script 'C:/Users/Keshav/AppData/Roaming/Xilinx/Vivado/Vivado_init.tcl'
source run_ippack.tcl -notrace
INFO: [IP_Flow 19-234] Refreshing IP repositories
INFO: [IP_Flow 19-1704] No user IP repositories specified
INFO: [IP_Flow 19-2313] Loaded Vivado IP repository 'C:/Xilinx/Vivado/2021.2/data/ip'.
INFO: [Common 17-206] Exiting Vivado at Thu Jan 28 22:32:09 2021...
INFO: [HLS 200-802] Generated output file C:/git/bldc-driver-fpga/hardware_design/hls/generated_ip/inverse_clarke/export.zip
INFO: [HLS 200-111] Finished Command export_design CPU user time: 1 seconds. CPU system time: 0 seconds. Elapsed time: 6.472 seconds; current allocated memory: 331.391 MB.
INFO: [HLS 200-112] Total CPU user time: 2 seconds. Total CPU system time: 1 seconds. Total elapsed time: 7.259 seconds; peak allocated memory: 1.078 GB.
