Copyright 1986-2021 Xilinx, Inc. All Rights Reserved.
--------------------------------------------------------------------------------------------------------------------------------------------------------------------------------------
| Tool Version : Vivado v.2021.2 (win64) Build 3367213 Tue Oct 19 02:48:09 MDT 2021
| Date         : Sat Aug  6 20:58:34 2022
| Host         : DESKTOP-J766HPL running 64-bit major release  (build 9200)
| Command      : report_methodology -file inverter_wrapper_methodology_drc_routed.rpt -pb inverter_wrapper_methodology_drc_routed.pb -rpx inverter_wrapper_methodology_drc_routed.rpx
| Design       : inverter_wrapper
| Device       : xc7z020clg400-1
| Speed File   : -1
| Design State : Fully Routed
--------------------------------------------------------------------------------------------------------------------------------------------------------------------------------------

Report Methodology

Table of Contents
-----------------
1. REPORT SUMMARY
2. REPORT DETAILS

1. REPORT SUMMARY
-----------------
            Netlist: netlist
          Floorplan: checkpoint_inverter_wrapper
      Design limits: <entire design considered>
             Max violations: <unlimited>
             Violations found: 62
+-----------+------------------+-------------------------------+------------+
| Rule      | Severity         | Description                   | Violations |
+-----------+------------------+-------------------------------+------------+
| TIMING-17 | Critical Warning | Non-clocked sequential cell   | 8          |
| TIMING-16 | Warning          | Large setup violation         | 48         |
| TIMING-18 | Warning          | Missing input or output delay | 6          |
+-----------+------------------+-------------------------------+------------+

2. REPORT DETAILS
-----------------
TIMING-17#1 Critical Warning
Non-clocked sequential cell  
The clock pin inverter_i/timebase_generator_0/U0/ind_buf_reg/C is not reached by a timing clock
Related violations: <none>

TIMING-17#2 Critical Warning
Non-clocked sequential cell  
The clock pin inverter_i/timebase_generator_0/U0/indicator_divide_reg[0]/C is not reached by a timing clock
Related violations: <none>

TIMING-17#3 Critical Warning
Non-clocked sequential cell  
The clock pin inverter_i/timebase_generator_0/U0/indicator_divide_reg[1]/C is not reached by a timing clock
Related violations: <none>

TIMING-17#4 Critical Warning
Non-clocked sequential cell  
The clock pin inverter_i/timebase_generator_0/U0/indicator_divide_reg[2]/C is not reached by a timing clock
Related violations: <none>

TIMING-17#5 Critical Warning
Non-clocked sequential cell  
The clock pin inverter_i/timebase_generator_0/U0/indicator_divide_reg[3]/C is not reached by a timing clock
Related violations: <none>

TIMING-17#6 Critical Warning
Non-clocked sequential cell  
The clock pin inverter_i/timebase_generator_0/U0/indicator_divide_reg[4]/C is not reached by a timing clock
Related violations: <none>

TIMING-17#7 Critical Warning
Non-clocked sequential cell  
The clock pin inverter_i/timebase_generator_0/U0/indicator_divide_reg[5]/C is not reached by a timing clock
Related violations: <none>

TIMING-17#8 Critical Warning
Non-clocked sequential cell  
The clock pin inverter_i/timebase_generator_0/U0/indicator_divide_reg[6]/C is not reached by a timing clock
Related violations: <none>

TIMING-16#1 Warning
Large setup violation  
There is a large setup violation of -2.173 ns between inverter_i/INVERTER_BD_wrapper_0/U0/INVERTER_BD_i/dds_compiler_2/U0/i_synth/i_dds/I_SINCOS.i_std_rom.i_rom/i_rtl.i_quarter_table.i_piped_map.i_cardinal_sin_ms/opt_has_pipe.first_q_reg[3]/C (clocked by clk_fpga_0) and inverter_i/INVERTER_BD_wrapper_0/U0/INVERTER_BD_i/pwm_gen_w/U0/dc_scaled_0/B[0] (clocked by clk_fpga_0). Large setup violations at the end of those stages might be difficult to fix during the post-placement implementation flow and could be the result of non-optimal XDC constraints or non-optimal design architecture
Related violations: <none>

TIMING-16#2 Warning
Large setup violation  
There is a large setup violation of -2.288 ns between inverter_i/INVERTER_BD_wrapper_0/U0/INVERTER_BD_i/phase_cfg_gpio/U0/gpio_core_1/Dual.gpio2_Data_Out_reg[0]/C (clocked by clk_fpga_0) and inverter_i/INVERTER_BD_wrapper_0/U0/INVERTER_BD_i/pwm_gen_u/U0/dc_scaled_0/B[0] (clocked by clk_fpga_0). Large setup violations at the end of those stages might be difficult to fix during the post-placement implementation flow and could be the result of non-optimal XDC constraints or non-optimal design architecture
Related violations: <none>

TIMING-16#3 Warning
Large setup violation  
There is a large setup violation of -2.500 ns between inverter_i/INVERTER_BD_wrapper_0/U0/INVERTER_BD_i/dds_compiler_1/U0/i_synth/i_dds/I_SINCOS.i_std_rom.i_rom/i_rtl.i_quarter_table.i_piped_map.i_cardinal_sin_ms/opt_has_pipe.first_q_reg[1]/C (clocked by clk_fpga_0) and inverter_i/INVERTER_BD_wrapper_0/U0/INVERTER_BD_i/pwm_gen_v/U0/dc_scaled_0/B[0] (clocked by clk_fpga_0). Large setup violations at the end of those stages might be difficult to fix during the post-placement implementation flow and could be the result of non-optimal XDC constraints or non-optimal design architecture
Related violations: <none>

TIMING-16#4 Warning
Large setup violation  
There is a large setup violation of -4.529 ns between inverter_i/INVERTER_BD_wrapper_0/U0/INVERTER_BD_i/phase_cfg_gpio/U0/gpio_core_1/Dual.gpio2_Data_Out_reg[0]/C (clocked by clk_fpga_0) and inverter_i/INVERTER_BD_wrapper_0/U0/INVERTER_BD_i/pwm_gen_u/U0/dc_scaled_0/B[1] (clocked by clk_fpga_0). Large setup violations at the end of those stages might be difficult to fix during the post-placement implementation flow and could be the result of non-optimal XDC constraints or non-optimal design architecture
Related violations: <none>

TIMING-16#5 Warning
Large setup violation  
There is a large setup violation of -4.787 ns between inverter_i/INVERTER_BD_wrapper_0/U0/INVERTER_BD_i/dds_compiler_1/U0/i_synth/i_dds/I_SINCOS.i_std_rom.i_rom/i_rtl.i_quarter_table.i_piped_map.i_cardinal_sin_ms/opt_has_pipe.first_q_reg[1]/C (clocked by clk_fpga_0) and inverter_i/INVERTER_BD_wrapper_0/U0/INVERTER_BD_i/pwm_gen_v/U0/dc_scaled_0/B[1] (clocked by clk_fpga_0). Large setup violations at the end of those stages might be difficult to fix during the post-placement implementation flow and could be the result of non-optimal XDC constraints or non-optimal design architecture
Related violations: <none>

TIMING-16#6 Warning
Large setup violation  
There is a large setup violation of -4.800 ns between inverter_i/INVERTER_BD_wrapper_0/U0/INVERTER_BD_i/dds_compiler_2/U0/i_synth/i_dds/I_SINCOS.i_std_rom.i_rom/i_rtl.i_quarter_table.i_piped_map.i_cardinal_sin_ms/opt_has_pipe.first_q_reg[3]/C (clocked by clk_fpga_0) and inverter_i/INVERTER_BD_wrapper_0/U0/INVERTER_BD_i/pwm_gen_w/U0/dc_scaled_0/B[1] (clocked by clk_fpga_0). Large setup violations at the end of those stages might be difficult to fix during the post-placement implementation flow and could be the result of non-optimal XDC constraints or non-optimal design architecture
Related violations: <none>

TIMING-16#7 Warning
Large setup violation  
There is a large setup violation of -4.880 ns between inverter_i/INVERTER_BD_wrapper_0/U0/INVERTER_BD_i/phase_cfg_gpio/U0/gpio_core_1/Dual.gpio2_Data_Out_reg[0]/C (clocked by clk_fpga_0) and inverter_i/INVERTER_BD_wrapper_0/U0/INVERTER_BD_i/pwm_gen_u/U0/dc_scaled_0/B[2] (clocked by clk_fpga_0). Large setup violations at the end of those stages might be difficult to fix during the post-placement implementation flow and could be the result of non-optimal XDC constraints or non-optimal design architecture
Related violations: <none>

TIMING-16#8 Warning
Large setup violation  
There is a large setup violation of -4.954 ns between inverter_i/INVERTER_BD_wrapper_0/U0/INVERTER_BD_i/dds_compiler_2/U0/i_synth/i_dds/I_SINCOS.i_std_rom.i_rom/i_rtl.i_quarter_table.i_piped_map.i_cardinal_sin_ms/opt_has_pipe.first_q_reg[3]/C (clocked by clk_fpga_0) and inverter_i/INVERTER_BD_wrapper_0/U0/INVERTER_BD_i/pwm_gen_w/U0/dc_scaled_0/B[2] (clocked by clk_fpga_0). Large setup violations at the end of those stages might be difficult to fix during the post-placement implementation flow and could be the result of non-optimal XDC constraints or non-optimal design architecture
Related violations: <none>

TIMING-16#9 Warning
Large setup violation  
There is a large setup violation of -5.001 ns between inverter_i/INVERTER_BD_wrapper_0/U0/INVERTER_BD_i/dds_compiler_1/U0/i_synth/i_dds/I_SINCOS.i_std_rom.i_rom/i_rtl.i_quarter_table.i_piped_map.i_cardinal_sin_ms/opt_has_pipe.first_q_reg[1]/C (clocked by clk_fpga_0) and inverter_i/INVERTER_BD_wrapper_0/U0/INVERTER_BD_i/pwm_gen_v/U0/dc_scaled_0/B[4] (clocked by clk_fpga_0). Large setup violations at the end of those stages might be difficult to fix during the post-placement implementation flow and could be the result of non-optimal XDC constraints or non-optimal design architecture
Related violations: <none>

TIMING-16#10 Warning
Large setup violation  
There is a large setup violation of -5.122 ns between inverter_i/INVERTER_BD_wrapper_0/U0/INVERTER_BD_i/dds_compiler_1/U0/i_synth/i_dds/I_SINCOS.i_std_rom.i_rom/i_rtl.i_quarter_table.i_piped_map.i_cardinal_sin_ms/opt_has_pipe.first_q_reg[1]/C (clocked by clk_fpga_0) and inverter_i/INVERTER_BD_wrapper_0/U0/INVERTER_BD_i/pwm_gen_v/U0/dc_scaled_0/B[3] (clocked by clk_fpga_0). Large setup violations at the end of those stages might be difficult to fix during the post-placement implementation flow and could be the result of non-optimal XDC constraints or non-optimal design architecture
Related violations: <none>

TIMING-16#11 Warning
Large setup violation  
There is a large setup violation of -5.191 ns between inverter_i/INVERTER_BD_wrapper_0/U0/INVERTER_BD_i/dds_compiler_1/U0/i_synth/i_dds/I_SINCOS.i_std_rom.i_rom/i_rtl.i_quarter_table.i_piped_map.i_cardinal_sin_ms/opt_has_pipe.first_q_reg[1]/C (clocked by clk_fpga_0) and inverter_i/INVERTER_BD_wrapper_0/U0/INVERTER_BD_i/pwm_gen_v/U0/dc_scaled_0/B[5] (clocked by clk_fpga_0). Large setup violations at the end of those stages might be difficult to fix during the post-placement implementation flow and could be the result of non-optimal XDC constraints or non-optimal design architecture
Related violations: <none>

TIMING-16#12 Warning
Large setup violation  
There is a large setup violation of -5.226 ns between inverter_i/INVERTER_BD_wrapper_0/U0/INVERTER_BD_i/phase_cfg_gpio/U0/gpio_core_1/Dual.gpio2_Data_Out_reg[0]/C (clocked by clk_fpga_0) and inverter_i/INVERTER_BD_wrapper_0/U0/INVERTER_BD_i/pwm_gen_u/U0/dc_scaled_0/B[4] (clocked by clk_fpga_0). Large setup violations at the end of those stages might be difficult to fix during the post-placement implementation flow and could be the result of non-optimal XDC constraints or non-optimal design architecture
Related violations: <none>

TIMING-16#13 Warning
Large setup violation  
There is a large setup violation of -5.238 ns between inverter_i/INVERTER_BD_wrapper_0/U0/INVERTER_BD_i/dds_compiler_1/U0/i_synth/i_dds/I_SINCOS.i_std_rom.i_rom/i_rtl.i_quarter_table.i_piped_map.i_cardinal_sin_ms/opt_has_pipe.first_q_reg[1]/C (clocked by clk_fpga_0) and inverter_i/INVERTER_BD_wrapper_0/U0/INVERTER_BD_i/pwm_gen_v/U0/dc_scaled_0/B[2] (clocked by clk_fpga_0). Large setup violations at the end of those stages might be difficult to fix during the post-placement implementation flow and could be the result of non-optimal XDC constraints or non-optimal design architecture
Related violations: <none>

TIMING-16#14 Warning
Large setup violation  
There is a large setup violation of -5.260 ns between inverter_i/INVERTER_BD_wrapper_0/U0/INVERTER_BD_i/phase_cfg_gpio/U0/gpio_core_1/Dual.gpio2_Data_Out_reg[0]/C (clocked by clk_fpga_0) and inverter_i/INVERTER_BD_wrapper_0/U0/INVERTER_BD_i/pwm_gen_u/U0/dc_scaled_0/B[3] (clocked by clk_fpga_0). Large setup violations at the end of those stages might be difficult to fix during the post-placement implementation flow and could be the result of non-optimal XDC constraints or non-optimal design architecture
Related violations: <none>

TIMING-16#15 Warning
Large setup violation  
There is a large setup violation of -5.300 ns between inverter_i/INVERTER_BD_wrapper_0/U0/INVERTER_BD_i/dds_compiler_2/U0/i_synth/i_dds/I_SINCOS.i_std_rom.i_rom/i_rtl.i_quarter_table.i_piped_map.i_cardinal_sin_ms/opt_has_pipe.first_q_reg[3]/C (clocked by clk_fpga_0) and inverter_i/INVERTER_BD_wrapper_0/U0/INVERTER_BD_i/pwm_gen_w/U0/dc_scaled_0/B[3] (clocked by clk_fpga_0). Large setup violations at the end of those stages might be difficult to fix during the post-placement implementation flow and could be the result of non-optimal XDC constraints or non-optimal design architecture
Related violations: <none>

TIMING-16#16 Warning
Large setup violation  
There is a large setup violation of -5.351 ns between inverter_i/INVERTER_BD_wrapper_0/U0/INVERTER_BD_i/phase_cfg_gpio/U0/gpio_core_1/Dual.gpio2_Data_Out_reg[0]/C (clocked by clk_fpga_0) and inverter_i/INVERTER_BD_wrapper_0/U0/INVERTER_BD_i/pwm_gen_u/U0/dc_scaled_0/B[5] (clocked by clk_fpga_0). Large setup violations at the end of those stages might be difficult to fix during the post-placement implementation flow and could be the result of non-optimal XDC constraints or non-optimal design architecture
Related violations: <none>

TIMING-16#17 Warning
Large setup violation  
There is a large setup violation of -5.388 ns between inverter_i/INVERTER_BD_wrapper_0/U0/INVERTER_BD_i/phase_cfg_gpio/U0/gpio_core_1/Dual.gpio2_Data_Out_reg[0]/C (clocked by clk_fpga_0) and inverter_i/INVERTER_BD_wrapper_0/U0/INVERTER_BD_i/pwm_gen_u/U0/dc_scaled_0/B[8] (clocked by clk_fpga_0). Large setup violations at the end of those stages might be difficult to fix during the post-placement implementation flow and could be the result of non-optimal XDC constraints or non-optimal design architecture
Related violations: <none>

TIMING-16#18 Warning
Large setup violation  
There is a large setup violation of -5.424 ns between inverter_i/INVERTER_BD_wrapper_0/U0/INVERTER_BD_i/phase_cfg_gpio/U0/gpio_core_1/Dual.gpio2_Data_Out_reg[0]/C (clocked by clk_fpga_0) and inverter_i/INVERTER_BD_wrapper_0/U0/INVERTER_BD_i/pwm_gen_u/U0/dc_scaled_0/B[7] (clocked by clk_fpga_0). Large setup violations at the end of those stages might be difficult to fix during the post-placement implementation flow and could be the result of non-optimal XDC constraints or non-optimal design architecture
Related violations: <none>

TIMING-16#19 Warning
Large setup violation  
There is a large setup violation of -5.441 ns between inverter_i/INVERTER_BD_wrapper_0/U0/INVERTER_BD_i/phase_cfg_gpio/U0/gpio_core_1/Dual.gpio2_Data_Out_reg[0]/C (clocked by clk_fpga_0) and inverter_i/INVERTER_BD_wrapper_0/U0/INVERTER_BD_i/pwm_gen_u/U0/dc_scaled_0/B[6] (clocked by clk_fpga_0). Large setup violations at the end of those stages might be difficult to fix during the post-placement implementation flow and could be the result of non-optimal XDC constraints or non-optimal design architecture
Related violations: <none>

TIMING-16#20 Warning
Large setup violation  
There is a large setup violation of -5.449 ns between inverter_i/INVERTER_BD_wrapper_0/U0/INVERTER_BD_i/dds_compiler_1/U0/i_synth/i_dds/I_SINCOS.i_std_rom.i_rom/i_rtl.i_quarter_table.i_piped_map.i_cardinal_sin_ms/opt_has_pipe.first_q_reg[1]/C (clocked by clk_fpga_0) and inverter_i/INVERTER_BD_wrapper_0/U0/INVERTER_BD_i/pwm_gen_v/U0/dc_scaled_0/B[8] (clocked by clk_fpga_0). Large setup violations at the end of those stages might be difficult to fix during the post-placement implementation flow and could be the result of non-optimal XDC constraints or non-optimal design architecture
Related violations: <none>

TIMING-16#21 Warning
Large setup violation  
There is a large setup violation of -5.508 ns between inverter_i/INVERTER_BD_wrapper_0/U0/INVERTER_BD_i/dds_compiler_2/U0/i_synth/i_dds/I_SINCOS.i_std_rom.i_rom/i_rtl.i_quarter_table.i_piped_map.i_cardinal_sin_ms/opt_has_pipe.first_q_reg[3]/C (clocked by clk_fpga_0) and inverter_i/INVERTER_BD_wrapper_0/U0/INVERTER_BD_i/pwm_gen_w/U0/dc_scaled_0/B[7] (clocked by clk_fpga_0). Large setup violations at the end of those stages might be difficult to fix during the post-placement implementation flow and could be the result of non-optimal XDC constraints or non-optimal design architecture
Related violations: <none>

TIMING-16#22 Warning
Large setup violation  
There is a large setup violation of -5.532 ns between inverter_i/INVERTER_BD_wrapper_0/U0/INVERTER_BD_i/dds_compiler_2/U0/i_synth/i_dds/I_SINCOS.i_std_rom.i_rom/i_rtl.i_quarter_table.i_piped_map.i_cardinal_sin_ms/opt_has_pipe.first_q_reg[3]/C (clocked by clk_fpga_0) and inverter_i/INVERTER_BD_wrapper_0/U0/INVERTER_BD_i/pwm_gen_w/U0/dc_scaled_0/B[6] (clocked by clk_fpga_0). Large setup violations at the end of those stages might be difficult to fix during the post-placement implementation flow and could be the result of non-optimal XDC constraints or non-optimal design architecture
Related violations: <none>

TIMING-16#23 Warning
Large setup violation  
There is a large setup violation of -5.574 ns between inverter_i/INVERTER_BD_wrapper_0/U0/INVERTER_BD_i/dds_compiler_2/U0/i_synth/i_dds/I_SINCOS.i_std_rom.i_rom/i_rtl.i_quarter_table.i_piped_map.i_cardinal_sin_ms/opt_has_pipe.first_q_reg[3]/C (clocked by clk_fpga_0) and inverter_i/INVERTER_BD_wrapper_0/U0/INVERTER_BD_i/pwm_gen_w/U0/dc_scaled_0/B[9] (clocked by clk_fpga_0). Large setup violations at the end of those stages might be difficult to fix during the post-placement implementation flow and could be the result of non-optimal XDC constraints or non-optimal design architecture
Related violations: <none>

TIMING-16#24 Warning
Large setup violation  
There is a large setup violation of -5.581 ns between inverter_i/INVERTER_BD_wrapper_0/U0/INVERTER_BD_i/dds_compiler_1/U0/i_synth/i_dds/I_SINCOS.i_std_rom.i_rom/i_rtl.i_quarter_table.i_piped_map.i_cardinal_sin_ms/opt_has_pipe.first_q_reg[1]/C (clocked by clk_fpga_0) and inverter_i/INVERTER_BD_wrapper_0/U0/INVERTER_BD_i/pwm_gen_v/U0/dc_scaled_0/B[6] (clocked by clk_fpga_0). Large setup violations at the end of those stages might be difficult to fix during the post-placement implementation flow and could be the result of non-optimal XDC constraints or non-optimal design architecture
Related violations: <none>

TIMING-16#25 Warning
Large setup violation  
There is a large setup violation of -5.583 ns between inverter_i/INVERTER_BD_wrapper_0/U0/INVERTER_BD_i/dds_compiler_1/U0/i_synth/i_dds/I_SINCOS.i_std_rom.i_rom/i_rtl.i_quarter_table.i_piped_map.i_cardinal_sin_ms/opt_has_pipe.first_q_reg[1]/C (clocked by clk_fpga_0) and inverter_i/INVERTER_BD_wrapper_0/U0/INVERTER_BD_i/pwm_gen_v/U0/dc_scaled_0/B[11] (clocked by clk_fpga_0). Large setup violations at the end of those stages might be difficult to fix during the post-placement implementation flow and could be the result of non-optimal XDC constraints or non-optimal design architecture
Related violations: <none>

TIMING-16#26 Warning
Large setup violation  
There is a large setup violation of -5.583 ns between inverter_i/INVERTER_BD_wrapper_0/U0/INVERTER_BD_i/dds_compiler_2/U0/i_synth/i_dds/I_SINCOS.i_std_rom.i_rom/i_rtl.i_quarter_table.i_piped_map.i_cardinal_sin_ms/opt_has_pipe.first_q_reg[3]/C (clocked by clk_fpga_0) and inverter_i/INVERTER_BD_wrapper_0/U0/INVERTER_BD_i/pwm_gen_w/U0/dc_scaled_0/B[8] (clocked by clk_fpga_0). Large setup violations at the end of those stages might be difficult to fix during the post-placement implementation flow and could be the result of non-optimal XDC constraints or non-optimal design architecture
Related violations: <none>

TIMING-16#27 Warning
Large setup violation  
There is a large setup violation of -5.612 ns between inverter_i/INVERTER_BD_wrapper_0/U0/INVERTER_BD_i/phase_cfg_gpio/U0/gpio_core_1/Dual.gpio2_Data_Out_reg[0]/C (clocked by clk_fpga_0) and inverter_i/INVERTER_BD_wrapper_0/U0/INVERTER_BD_i/pwm_gen_u/U0/dc_scaled_0/B[13] (clocked by clk_fpga_0). Large setup violations at the end of those stages might be difficult to fix during the post-placement implementation flow and could be the result of non-optimal XDC constraints or non-optimal design architecture
Related violations: <none>

TIMING-16#28 Warning
Large setup violation  
There is a large setup violation of -5.615 ns between inverter_i/INVERTER_BD_wrapper_0/U0/INVERTER_BD_i/dds_compiler_1/U0/i_synth/i_dds/I_SINCOS.i_std_rom.i_rom/i_rtl.i_quarter_table.i_piped_map.i_cardinal_sin_ms/opt_has_pipe.first_q_reg[1]/C (clocked by clk_fpga_0) and inverter_i/INVERTER_BD_wrapper_0/U0/INVERTER_BD_i/pwm_gen_v/U0/dc_scaled_0/B[9] (clocked by clk_fpga_0). Large setup violations at the end of those stages might be difficult to fix during the post-placement implementation flow and could be the result of non-optimal XDC constraints or non-optimal design architecture
Related violations: <none>

TIMING-16#29 Warning
Large setup violation  
There is a large setup violation of -5.617 ns between inverter_i/INVERTER_BD_wrapper_0/U0/INVERTER_BD_i/phase_cfg_gpio/U0/gpio_core_1/Dual.gpio2_Data_Out_reg[0]/C (clocked by clk_fpga_0) and inverter_i/INVERTER_BD_wrapper_0/U0/INVERTER_BD_i/pwm_gen_u/U0/dc_scaled_0/B[11] (clocked by clk_fpga_0). Large setup violations at the end of those stages might be difficult to fix during the post-placement implementation flow and could be the result of non-optimal XDC constraints or non-optimal design architecture
Related violations: <none>

TIMING-16#30 Warning
Large setup violation  
There is a large setup violation of -5.636 ns between inverter_i/INVERTER_BD_wrapper_0/U0/INVERTER_BD_i/phase_cfg_gpio/U0/gpio_core_1/Dual.gpio2_Data_Out_reg[0]/C (clocked by clk_fpga_0) and inverter_i/INVERTER_BD_wrapper_0/U0/INVERTER_BD_i/pwm_gen_u/U0/dc_scaled_0/B[15] (clocked by clk_fpga_0). Large setup violations at the end of those stages might be difficult to fix during the post-placement implementation flow and could be the result of non-optimal XDC constraints or non-optimal design architecture
Related violations: <none>

TIMING-16#31 Warning
Large setup violation  
There is a large setup violation of -5.659 ns between inverter_i/INVERTER_BD_wrapper_0/U0/INVERTER_BD_i/dds_compiler_2/U0/i_synth/i_dds/I_SINCOS.i_std_rom.i_rom/i_rtl.i_quarter_table.i_piped_map.i_cardinal_sin_ms/opt_has_pipe.first_q_reg[3]/C (clocked by clk_fpga_0) and inverter_i/INVERTER_BD_wrapper_0/U0/INVERTER_BD_i/pwm_gen_w/U0/dc_scaled_0/B[5] (clocked by clk_fpga_0). Large setup violations at the end of those stages might be difficult to fix during the post-placement implementation flow and could be the result of non-optimal XDC constraints or non-optimal design architecture
Related violations: <none>

TIMING-16#32 Warning
Large setup violation  
There is a large setup violation of -5.667 ns between inverter_i/INVERTER_BD_wrapper_0/U0/INVERTER_BD_i/phase_cfg_gpio/U0/gpio_core_1/Dual.gpio2_Data_Out_reg[0]/C (clocked by clk_fpga_0) and inverter_i/INVERTER_BD_wrapper_0/U0/INVERTER_BD_i/pwm_gen_u/U0/dc_scaled_0/B[9] (clocked by clk_fpga_0). Large setup violations at the end of those stages might be difficult to fix during the post-placement implementation flow and could be the result of non-optimal XDC constraints or non-optimal design architecture
Related violations: <none>

TIMING-16#33 Warning
Large setup violation  
There is a large setup violation of -5.681 ns between inverter_i/INVERTER_BD_wrapper_0/U0/INVERTER_BD_i/dds_compiler_1/U0/i_synth/i_dds/I_SINCOS.i_std_rom.i_rom/i_rtl.i_quarter_table.i_piped_map.i_cardinal_sin_ms/opt_has_pipe.first_q_reg[1]/C (clocked by clk_fpga_0) and inverter_i/INVERTER_BD_wrapper_0/U0/INVERTER_BD_i/pwm_gen_v/U0/dc_scaled_0/B[14] (clocked by clk_fpga_0). Large setup violations at the end of those stages might be difficult to fix during the post-placement implementation flow and could be the result of non-optimal XDC constraints or non-optimal design architecture
Related violations: <none>

TIMING-16#34 Warning
Large setup violation  
There is a large setup violation of -5.685 ns between inverter_i/INVERTER_BD_wrapper_0/U0/INVERTER_BD_i/dds_compiler_1/U0/i_synth/i_dds/I_SINCOS.i_std_rom.i_rom/i_rtl.i_quarter_table.i_piped_map.i_cardinal_sin_ms/opt_has_pipe.first_q_reg[1]/C (clocked by clk_fpga_0) and inverter_i/INVERTER_BD_wrapper_0/U0/INVERTER_BD_i/pwm_gen_v/U0/dc_scaled_0/B[15] (clocked by clk_fpga_0). Large setup violations at the end of those stages might be difficult to fix during the post-placement implementation flow and could be the result of non-optimal XDC constraints or non-optimal design architecture
Related violations: <none>

TIMING-16#35 Warning
Large setup violation  
There is a large setup violation of -5.690 ns between inverter_i/INVERTER_BD_wrapper_0/U0/INVERTER_BD_i/dds_compiler_1/U0/i_synth/i_dds/I_SINCOS.i_std_rom.i_rom/i_rtl.i_quarter_table.i_piped_map.i_cardinal_sin_ms/opt_has_pipe.first_q_reg[1]/C (clocked by clk_fpga_0) and inverter_i/INVERTER_BD_wrapper_0/U0/INVERTER_BD_i/pwm_gen_v/U0/dc_scaled_0/B[7] (clocked by clk_fpga_0). Large setup violations at the end of those stages might be difficult to fix during the post-placement implementation flow and could be the result of non-optimal XDC constraints or non-optimal design architecture
Related violations: <none>

TIMING-16#36 Warning
Large setup violation  
There is a large setup violation of -5.692 ns between inverter_i/INVERTER_BD_wrapper_0/U0/INVERTER_BD_i/dds_compiler_2/U0/i_synth/i_dds/I_SINCOS.i_std_rom.i_rom/i_rtl.i_quarter_table.i_piped_map.i_cardinal_sin_ms/opt_has_pipe.first_q_reg[3]/C (clocked by clk_fpga_0) and inverter_i/INVERTER_BD_wrapper_0/U0/INVERTER_BD_i/pwm_gen_w/U0/dc_scaled_0/B[4] (clocked by clk_fpga_0). Large setup violations at the end of those stages might be difficult to fix during the post-placement implementation flow and could be the result of non-optimal XDC constraints or non-optimal design architecture
Related violations: <none>

TIMING-16#37 Warning
Large setup violation  
There is a large setup violation of -5.717 ns between inverter_i/INVERTER_BD_wrapper_0/U0/INVERTER_BD_i/dds_compiler_2/U0/i_synth/i_dds/I_SINCOS.i_std_rom.i_rom/i_rtl.i_quarter_table.i_piped_map.i_cardinal_sin_ms/opt_has_pipe.first_q_reg[3]/C (clocked by clk_fpga_0) and inverter_i/INVERTER_BD_wrapper_0/U0/INVERTER_BD_i/pwm_gen_w/U0/dc_scaled_0/B[10] (clocked by clk_fpga_0). Large setup violations at the end of those stages might be difficult to fix during the post-placement implementation flow and could be the result of non-optimal XDC constraints or non-optimal design architecture
Related violations: <none>

TIMING-16#38 Warning
Large setup violation  
There is a large setup violation of -5.722 ns between inverter_i/INVERTER_BD_wrapper_0/U0/INVERTER_BD_i/phase_cfg_gpio/U0/gpio_core_1/Dual.gpio2_Data_Out_reg[0]/C (clocked by clk_fpga_0) and inverter_i/INVERTER_BD_wrapper_0/U0/INVERTER_BD_i/pwm_gen_u/U0/dc_scaled_0/B[14] (clocked by clk_fpga_0). Large setup violations at the end of those stages might be difficult to fix during the post-placement implementation flow and could be the result of non-optimal XDC constraints or non-optimal design architecture
Related violations: <none>

TIMING-16#39 Warning
Large setup violation  
There is a large setup violation of -5.735 ns between inverter_i/INVERTER_BD_wrapper_0/U0/INVERTER_BD_i/phase_cfg_gpio/U0/gpio_core_1/Dual.gpio2_Data_Out_reg[0]/C (clocked by clk_fpga_0) and inverter_i/INVERTER_BD_wrapper_0/U0/INVERTER_BD_i/pwm_gen_u/U0/dc_scaled_0/B[10] (clocked by clk_fpga_0). Large setup violations at the end of those stages might be difficult to fix during the post-placement implementation flow and could be the result of non-optimal XDC constraints or non-optimal design architecture
Related violations: <none>

TIMING-16#40 Warning
Large setup violation  
There is a large setup violation of -5.742 ns between inverter_i/INVERTER_BD_wrapper_0/U0/INVERTER_BD_i/phase_cfg_gpio/U0/gpio_core_1/Dual.gpio2_Data_Out_reg[0]/C (clocked by clk_fpga_0) and inverter_i/INVERTER_BD_wrapper_0/U0/INVERTER_BD_i/pwm_gen_u/U0/dc_scaled_0/B[12] (clocked by clk_fpga_0). Large setup violations at the end of those stages might be difficult to fix during the post-placement implementation flow and could be the result of non-optimal XDC constraints or non-optimal design architecture
Related violations: <none>

TIMING-16#41 Warning
Large setup violation  
There is a large setup violation of -5.747 ns between inverter_i/INVERTER_BD_wrapper_0/U0/INVERTER_BD_i/dds_compiler_1/U0/i_synth/i_dds/I_SINCOS.i_std_rom.i_rom/i_rtl.i_quarter_table.i_piped_map.i_cardinal_sin_ms/opt_has_pipe.first_q_reg[1]/C (clocked by clk_fpga_0) and inverter_i/INVERTER_BD_wrapper_0/U0/INVERTER_BD_i/pwm_gen_v/U0/dc_scaled_0/B[13] (clocked by clk_fpga_0). Large setup violations at the end of those stages might be difficult to fix during the post-placement implementation flow and could be the result of non-optimal XDC constraints or non-optimal design architecture
Related violations: <none>

TIMING-16#42 Warning
Large setup violation  
There is a large setup violation of -5.769 ns between inverter_i/INVERTER_BD_wrapper_0/U0/INVERTER_BD_i/dds_compiler_1/U0/i_synth/i_dds/I_SINCOS.i_std_rom.i_rom/i_rtl.i_quarter_table.i_piped_map.i_cardinal_sin_ms/opt_has_pipe.first_q_reg[1]/C (clocked by clk_fpga_0) and inverter_i/INVERTER_BD_wrapper_0/U0/INVERTER_BD_i/pwm_gen_v/U0/dc_scaled_0/B[10] (clocked by clk_fpga_0). Large setup violations at the end of those stages might be difficult to fix during the post-placement implementation flow and could be the result of non-optimal XDC constraints or non-optimal design architecture
Related violations: <none>

TIMING-16#43 Warning
Large setup violation  
There is a large setup violation of -5.777 ns between inverter_i/INVERTER_BD_wrapper_0/U0/INVERTER_BD_i/dds_compiler_2/U0/i_synth/i_dds/I_SINCOS.i_std_rom.i_rom/i_rtl.i_quarter_table.i_piped_map.i_cardinal_sin_ms/opt_has_pipe.first_q_reg[3]/C (clocked by clk_fpga_0) and inverter_i/INVERTER_BD_wrapper_0/U0/INVERTER_BD_i/pwm_gen_w/U0/dc_scaled_0/B[12] (clocked by clk_fpga_0). Large setup violations at the end of those stages might be difficult to fix during the post-placement implementation flow and could be the result of non-optimal XDC constraints or non-optimal design architecture
Related violations: <none>

TIMING-16#44 Warning
Large setup violation  
There is a large setup violation of -5.799 ns between inverter_i/INVERTER_BD_wrapper_0/U0/INVERTER_BD_i/dds_compiler_1/U0/i_synth/i_dds/I_SINCOS.i_std_rom.i_rom/i_rtl.i_quarter_table.i_piped_map.i_cardinal_sin_ms/opt_has_pipe.first_q_reg[1]/C (clocked by clk_fpga_0) and inverter_i/INVERTER_BD_wrapper_0/U0/INVERTER_BD_i/pwm_gen_v/U0/dc_scaled_0/B[12] (clocked by clk_fpga_0). Large setup violations at the end of those stages might be difficult to fix during the post-placement implementation flow and could be the result of non-optimal XDC constraints or non-optimal design architecture
Related violations: <none>

TIMING-16#45 Warning
Large setup violation  
There is a large setup violation of -5.879 ns between inverter_i/INVERTER_BD_wrapper_0/U0/INVERTER_BD_i/dds_compiler_2/U0/i_synth/i_dds/I_SINCOS.i_std_rom.i_rom/i_rtl.i_quarter_table.i_piped_map.i_cardinal_sin_ms/opt_has_pipe.first_q_reg[3]/C (clocked by clk_fpga_0) and inverter_i/INVERTER_BD_wrapper_0/U0/INVERTER_BD_i/pwm_gen_w/U0/dc_scaled_0/B[11] (clocked by clk_fpga_0). Large setup violations at the end of those stages might be difficult to fix during the post-placement implementation flow and could be the result of non-optimal XDC constraints or non-optimal design architecture
Related violations: <none>

TIMING-16#46 Warning
Large setup violation  
There is a large setup violation of -5.892 ns between inverter_i/INVERTER_BD_wrapper_0/U0/INVERTER_BD_i/dds_compiler_2/U0/i_synth/i_dds/I_SINCOS.i_std_rom.i_rom/i_rtl.i_quarter_table.i_piped_map.i_cardinal_sin_ms/opt_has_pipe.first_q_reg[3]/C (clocked by clk_fpga_0) and inverter_i/INVERTER_BD_wrapper_0/U0/INVERTER_BD_i/pwm_gen_w/U0/dc_scaled_0/B[15] (clocked by clk_fpga_0). Large setup violations at the end of those stages might be difficult to fix during the post-placement implementation flow and could be the result of non-optimal XDC constraints or non-optimal design architecture
Related violations: <none>

TIMING-16#47 Warning
Large setup violation  
There is a large setup violation of -5.904 ns between inverter_i/INVERTER_BD_wrapper_0/U0/INVERTER_BD_i/dds_compiler_2/U0/i_synth/i_dds/I_SINCOS.i_std_rom.i_rom/i_rtl.i_quarter_table.i_piped_map.i_cardinal_sin_ms/opt_has_pipe.first_q_reg[3]/C (clocked by clk_fpga_0) and inverter_i/INVERTER_BD_wrapper_0/U0/INVERTER_BD_i/pwm_gen_w/U0/dc_scaled_0/B[14] (clocked by clk_fpga_0). Large setup violations at the end of those stages might be difficult to fix during the post-placement implementation flow and could be the result of non-optimal XDC constraints or non-optimal design architecture
Related violations: <none>

TIMING-16#48 Warning
Large setup violation  
There is a large setup violation of -5.915 ns between inverter_i/INVERTER_BD_wrapper_0/U0/INVERTER_BD_i/dds_compiler_2/U0/i_synth/i_dds/I_SINCOS.i_std_rom.i_rom/i_rtl.i_quarter_table.i_piped_map.i_cardinal_sin_ms/opt_has_pipe.first_q_reg[3]/C (clocked by clk_fpga_0) and inverter_i/INVERTER_BD_wrapper_0/U0/INVERTER_BD_i/pwm_gen_w/U0/dc_scaled_0/B[13] (clocked by clk_fpga_0). Large setup violations at the end of those stages might be difficult to fix during the post-placement implementation flow and could be the result of non-optimal XDC constraints or non-optimal design architecture
Related violations: <none>

TIMING-18#1 Warning
Missing input or output delay  
An output delay is missing on INHA relative to clock(s) clk_fpga_0
Related violations: <none>

TIMING-18#2 Warning
Missing input or output delay  
An output delay is missing on INHB relative to clock(s) clk_fpga_0
Related violations: <none>

TIMING-18#3 Warning
Missing input or output delay  
An output delay is missing on INHC relative to clock(s) clk_fpga_0
Related violations: <none>

TIMING-18#4 Warning
Missing input or output delay  
An output delay is missing on INLA relative to clock(s) clk_fpga_0
Related violations: <none>

TIMING-18#5 Warning
Missing input or output delay  
An output delay is missing on INLB relative to clock(s) clk_fpga_0
Related violations: <none>

TIMING-18#6 Warning
Missing input or output delay  
An output delay is missing on INLC relative to clock(s) clk_fpga_0
Related violations: <none>


