#-----------------------------------------------------------
# Vivado v2020.2 (64-bit)
# SW Build 3064766 on Wed Nov 18 09:12:45 MST 2020
# IP Build 3064653 on Wed Nov 18 14:17:31 MST 2020
# Start of session at: Sat Oct 16 23:51:17 2021
# Process ID: 10836
# Current directory: C:/GIT/bldc-driver-fpga/hardware_design/vivado_project/foc_driver
# Command line: vivado.exe -gui_launcher_event rodinguilauncherevent19256 C:\GIT\bldc-driver-fpga\hardware_design\vivado_project\foc_driver\foc_driver.xpr
# Log file: C:/GIT/bldc-driver-fpga/hardware_design/vivado_project/foc_driver/vivado.log
# Journal file: C:/GIT/bldc-driver-fpga/hardware_design/vivado_project/foc_driver\vivado.jou
#-----------------------------------------------------------
start_gui
open_project C:/GIT/bldc-driver-fpga/hardware_design/vivado_project/foc_driver/foc_driver.xpr
WARNING: [Board 49-91] Board repository path 'C:/Users/Keshav/AppData/Roaming/Xilinx/Vivado/<>/Xilinx/Vivado/2019.1/data/boards/board_files' does not exist, it will not be used to search board files.
INFO: [Project 1-313] Project file moved from 'X:/VivadoHighSpeed/foc_driver' since last save.
WARNING: [filemgmt 56-3] Board Part Repository Path: Could not find the directory 'C:/Users/Keshav/AppData/Roaming/Xilinx/Vivado/<>/Xilinx/Vivado/2019.1/data/boards/board_files'.
Scanning sources...
Finished scanning sources
INFO: [IP_Flow 19-234] Refreshing IP repositories
INFO: [IP_Flow 19-1704] No user IP repositories specified
INFO: [IP_Flow 19-2313] Loaded Vivado IP repository 'X:/Xilinx/Vivado/2020.2/data/ip'.
open_project: Time (s): cpu = 00:00:25 ; elapsed = 00:00:40 . Memory (MB): peak = 1267.574 ; gain = 249.426
