Copyright 1986-2021 Xilinx, Inc. All Rights Reserved.
------------------------------------------------------------------------------------
| Tool Version : Vivado v.2021.2 (win64) Build 3367213 Tue Oct 19 02:48:09 MDT 2021
| Date         : Thu Aug  4 22:58:53 2022
| Host         : DESKTOP-J766HPL running 64-bit major release  (build 9200)
| Command      : upgrade_ip
| Device       : xc7z020clg400-1
------------------------------------------------------------------------------------

Upgrade Log for IP 'inverter_INVERTER_BD_wrapper_0_2'

1. Summary
----------

SUCCESS in the upgrade of inverter_INVERTER_BD_wrapper_0_2 from xilinx.com:user:INVERTER_BD_wrapper:1.0 (Rev. 2) to xilinx.com:user:INVERTER_BD_wrapper:2.2 (Rev. 1)






Copyright 1986-2021 Xilinx, Inc. All Rights Reserved.
------------------------------------------------------------------------------------
| Tool Version : Vivado v.2021.2 (win64) Build 3367213 Tue Oct 19 02:48:09 MDT 2021
| Date         : Thu Aug  4 21:40:02 2022
| Host         : DESKTOP-J766HPL running 64-bit major release  (build 9200)
| Command      : upgrade_ip
| Device       : xc7z020clg400-1
------------------------------------------------------------------------------------

Upgrade Log for IP 'inverter_INVERTER_BD_wrapper_0_1'

1. Summary
----------

SUCCESS in the upgrade of inverter_INVERTER_BD_wrapper_0_1 from xilinx.com:user:INVERTER_BD_wrapper:1.0 (Rev. 2) to xilinx.com:user:INVERTER_BD_wrapper:2.0 (Rev. 1)

