
*** Running vivado
    with args -log tadc_wrapper.vdi -applog -m64 -product Vivado -messageDb vivado.pb -mode batch -source tadc_wrapper.tcl -notrace



****** Vivado v2021.2 (64-bit)
  **** SW Build 3367213 on Tue Oct 19 02:48:09 MDT 2021
  **** IP Build 3369179 on Thu Oct 21 08:25:16 MDT 2021
    ** Copyright 1986-2021 Xilinx, Inc. All Rights Reserved.

Sourcing tcl script 'C:/Users/Keshav/AppData/Roaming/Xilinx/Vivado/Vivado_init.tcl'
source tadc_wrapper.tcl -notrace
INFO: [IP_Flow 19-234] Refreshing IP repositories
INFO: [IP_Flow 19-1704] No user IP repositories specified
INFO: [IP_Flow 19-2313] Loaded Vivado IP repository 'C:/Xilinx/Vivado/2021.2/data/ip'.
Command: link_design -top tadc_wrapper -part xc7z020clg400-1
Design is defaulting to srcset: sources_1
Design is defaulting to constrset: constrs_1
INFO: [Device 21-403] Loading part xc7z020clg400-1
Netlist sorting complete. Time (s): cpu = 00:00:00 ; elapsed = 00:00:00.059 . Memory (MB): peak = 1252.023 ; gain = 0.000
INFO: [Netlist 29-17] Analyzing 21 Unisim elements for replacement
INFO: [Netlist 29-28] Unisim Transformation completed in 0 CPU seconds
INFO: [Project 1-479] Netlist was created with Vivado 2021.2
INFO: [Project 1-570] Preparing netlist for logic optimization
Parsing XDC File [c:/git/bldc-driver-fpga/hardware_design/vivado_project/tadc/tadc.gen/sources_1/bd/tadc/ip/tadc_processing_system7_0_0/tadc_processing_system7_0_0.xdc] for cell 'tadc_i/processing_system7_0/inst'
Finished Parsing XDC File [c:/git/bldc-driver-fpga/hardware_design/vivado_project/tadc/tadc.gen/sources_1/bd/tadc/ip/tadc_processing_system7_0_0/tadc_processing_system7_0_0.xdc] for cell 'tadc_i/processing_system7_0/inst'
Parsing XDC File [c:/git/bldc-driver-fpga/hardware_design/vivado_project/tadc/tadc.gen/sources_1/bd/tadc/ip/tadc_xadc_wiz_0_0/tadc_xadc_wiz_0_0.xdc] for cell 'tadc_i/xadc_wiz_0/U0'
Finished Parsing XDC File [c:/git/bldc-driver-fpga/hardware_design/vivado_project/tadc/tadc.gen/sources_1/bd/tadc/ip/tadc_xadc_wiz_0_0/tadc_xadc_wiz_0_0.xdc] for cell 'tadc_i/xadc_wiz_0/U0'
Parsing XDC File [c:/git/bldc-driver-fpga/hardware_design/vivado_project/tadc/tadc.gen/sources_1/bd/tadc/ip/tadc_axi_gpio_0_0/tadc_axi_gpio_0_0_board.xdc] for cell 'tadc_i/gpio_ctrl/U0'
Finished Parsing XDC File [c:/git/bldc-driver-fpga/hardware_design/vivado_project/tadc/tadc.gen/sources_1/bd/tadc/ip/tadc_axi_gpio_0_0/tadc_axi_gpio_0_0_board.xdc] for cell 'tadc_i/gpio_ctrl/U0'
Parsing XDC File [c:/git/bldc-driver-fpga/hardware_design/vivado_project/tadc/tadc.gen/sources_1/bd/tadc/ip/tadc_axi_gpio_0_0/tadc_axi_gpio_0_0.xdc] for cell 'tadc_i/gpio_ctrl/U0'
Finished Parsing XDC File [c:/git/bldc-driver-fpga/hardware_design/vivado_project/tadc/tadc.gen/sources_1/bd/tadc/ip/tadc_axi_gpio_0_0/tadc_axi_gpio_0_0.xdc] for cell 'tadc_i/gpio_ctrl/U0'
Parsing XDC File [c:/git/bldc-driver-fpga/hardware_design/vivado_project/tadc/tadc.gen/sources_1/bd/tadc/ip/tadc_axi_gpio_1_0/tadc_axi_gpio_1_0_board.xdc] for cell 'tadc_i/gpio_data0/U0'
Finished Parsing XDC File [c:/git/bldc-driver-fpga/hardware_design/vivado_project/tadc/tadc.gen/sources_1/bd/tadc/ip/tadc_axi_gpio_1_0/tadc_axi_gpio_1_0_board.xdc] for cell 'tadc_i/gpio_data0/U0'
Parsing XDC File [c:/git/bldc-driver-fpga/hardware_design/vivado_project/tadc/tadc.gen/sources_1/bd/tadc/ip/tadc_axi_gpio_1_0/tadc_axi_gpio_1_0.xdc] for cell 'tadc_i/gpio_data0/U0'
Finished Parsing XDC File [c:/git/bldc-driver-fpga/hardware_design/vivado_project/tadc/tadc.gen/sources_1/bd/tadc/ip/tadc_axi_gpio_1_0/tadc_axi_gpio_1_0.xdc] for cell 'tadc_i/gpio_data0/U0'
Parsing XDC File [c:/git/bldc-driver-fpga/hardware_design/vivado_project/tadc/tadc.gen/sources_1/bd/tadc/ip/tadc_gpio_data0_0/tadc_gpio_data0_0_board.xdc] for cell 'tadc_i/gpio_data1/U0'
Finished Parsing XDC File [c:/git/bldc-driver-fpga/hardware_design/vivado_project/tadc/tadc.gen/sources_1/bd/tadc/ip/tadc_gpio_data0_0/tadc_gpio_data0_0_board.xdc] for cell 'tadc_i/gpio_data1/U0'
Parsing XDC File [c:/git/bldc-driver-fpga/hardware_design/vivado_project/tadc/tadc.gen/sources_1/bd/tadc/ip/tadc_gpio_data0_0/tadc_gpio_data0_0.xdc] for cell 'tadc_i/gpio_data1/U0'
Finished Parsing XDC File [c:/git/bldc-driver-fpga/hardware_design/vivado_project/tadc/tadc.gen/sources_1/bd/tadc/ip/tadc_gpio_data0_0/tadc_gpio_data0_0.xdc] for cell 'tadc_i/gpio_data1/U0'
Parsing XDC File [c:/git/bldc-driver-fpga/hardware_design/vivado_project/tadc/tadc.gen/sources_1/bd/tadc/ip/tadc_rst_ps7_0_100M_0/tadc_rst_ps7_0_100M_0_board.xdc] for cell 'tadc_i/rst_ps7_0_100M/U0'
Finished Parsing XDC File [c:/git/bldc-driver-fpga/hardware_design/vivado_project/tadc/tadc.gen/sources_1/bd/tadc/ip/tadc_rst_ps7_0_100M_0/tadc_rst_ps7_0_100M_0_board.xdc] for cell 'tadc_i/rst_ps7_0_100M/U0'
Parsing XDC File [c:/git/bldc-driver-fpga/hardware_design/vivado_project/tadc/tadc.gen/sources_1/bd/tadc/ip/tadc_rst_ps7_0_100M_0/tadc_rst_ps7_0_100M_0.xdc] for cell 'tadc_i/rst_ps7_0_100M/U0'
Finished Parsing XDC File [c:/git/bldc-driver-fpga/hardware_design/vivado_project/tadc/tadc.gen/sources_1/bd/tadc/ip/tadc_rst_ps7_0_100M_0/tadc_rst_ps7_0_100M_0.xdc] for cell 'tadc_i/rst_ps7_0_100M/U0'
Parsing XDC File [C:/git/bldc-driver-fpga/hardware_design/vivado_project/tadc/tadc.srcs/constrs_1/new/pynq_z1.xdc]
Finished Parsing XDC File [C:/git/bldc-driver-fpga/hardware_design/vivado_project/tadc/tadc.srcs/constrs_1/new/pynq_z1.xdc]
INFO: [Opt 31-138] Pushed 0 inverter(s) to 0 load pin(s).
Netlist sorting complete. Time (s): cpu = 00:00:00 ; elapsed = 00:00:00 . Memory (MB): peak = 1252.023 ; gain = 0.000
INFO: [Project 1-111] Unisim Transformation Summary:
No Unisim elements were transformed.

10 Infos, 0 Warnings, 0 Critical Warnings and 0 Errors encountered.
link_design completed successfully
link_design: Time (s): cpu = 00:00:05 ; elapsed = 00:00:10 . Memory (MB): peak = 1252.023 ; gain = 0.000
Command: opt_design
Attempting to get a license for feature 'Implementation' and/or device 'xc7z020'
INFO: [Common 17-349] Got license for feature 'Implementation' and/or device 'xc7z020'
Running DRC as a precondition to command opt_design

Starting DRC Task
INFO: [DRC 23-27] Running DRC with 2 threads
INFO: [Project 1-461] DRC finished with 0 Errors
INFO: [Project 1-462] Please refer to the DRC report (report_drc) for more information.

Time (s): cpu = 00:00:01 ; elapsed = 00:00:00.787 . Memory (MB): peak = 1252.023 ; gain = 0.000

Starting Cache Timing Information Task
INFO: [Timing 38-35] Done setting XDC timing constraints.
Ending Cache Timing Information Task | Checksum: 198084e9a

Time (s): cpu = 00:00:06 ; elapsed = 00:00:06 . Memory (MB): peak = 1474.324 ; gain = 222.301

Starting Logic Optimization Task

Phase 1 Retarget
INFO: [Opt 31-138] Pushed 1 inverter(s) to 4 load pin(s).
INFO: [Opt 31-49] Retargeted 0 cell(s).
Phase 1 Retarget | Checksum: 16191b44a

Time (s): cpu = 00:00:00 ; elapsed = 00:00:00.081 . Memory (MB): peak = 1777.648 ; gain = 0.000
INFO: [Opt 31-389] Phase Retarget created 1 cells and removed 35 cells

Phase 2 Constant propagation
INFO: [Opt 31-138] Pushed 0 inverter(s) to 0 load pin(s).
Phase 2 Constant propagation | Checksum: 16191b44a

Time (s): cpu = 00:00:00 ; elapsed = 00:00:00.092 . Memory (MB): peak = 1777.648 ; gain = 0.000
INFO: [Opt 31-389] Phase Constant propagation created 0 cells and removed 0 cells

Phase 3 Sweep
Phase 3 Sweep | Checksum: 1c8f07487

Time (s): cpu = 00:00:00 ; elapsed = 00:00:00.183 . Memory (MB): peak = 1777.648 ; gain = 0.000
INFO: [Opt 31-389] Phase Sweep created 0 cells and removed 0 cells

Phase 4 BUFG optimization
Phase 4 BUFG optimization | Checksum: 1c8f07487

Time (s): cpu = 00:00:00 ; elapsed = 00:00:00.208 . Memory (MB): peak = 1777.648 ; gain = 0.000
INFO: [Opt 31-662] Phase BUFG optimization created 0 cells of which 0 are BUFGs and removed 0 cells.

Phase 5 Shift Register Optimization
INFO: [Opt 31-1064] SRL Remap converted 0 SRLs to 0 registers and converted 0 registers of register chains to 0 SRLs
Phase 5 Shift Register Optimization | Checksum: 1c8f07487

Time (s): cpu = 00:00:00 ; elapsed = 00:00:00.214 . Memory (MB): peak = 1777.648 ; gain = 0.000
INFO: [Opt 31-389] Phase Shift Register Optimization created 0 cells and removed 0 cells

Phase 6 Post Processing Netlist
Phase 6 Post Processing Netlist | Checksum: 1c8f07487

Time (s): cpu = 00:00:00 ; elapsed = 00:00:00.220 . Memory (MB): peak = 1777.648 ; gain = 0.000
INFO: [Opt 31-389] Phase Post Processing Netlist created 0 cells and removed 0 cells
Opt_design Change Summary
=========================


-------------------------------------------------------------------------------------------------------------------------
|  Phase                        |  #Cells created  |  #Cells Removed  |  #Constrained objects preventing optimizations  |
-------------------------------------------------------------------------------------------------------------------------
|  Retarget                     |               1  |              35  |                                              0  |
|  Constant propagation         |               0  |               0  |                                              0  |
|  Sweep                        |               0  |               0  |                                              0  |
|  BUFG optimization            |               0  |               0  |                                              0  |
|  Shift Register Optimization  |               0  |               0  |                                              0  |
|  Post Processing Netlist      |               0  |               0  |                                              0  |
-------------------------------------------------------------------------------------------------------------------------



Starting Connectivity Check Task

Time (s): cpu = 00:00:00 ; elapsed = 00:00:00.002 . Memory (MB): peak = 1777.648 ; gain = 0.000
Ending Logic Optimization Task | Checksum: 124411e4f

Time (s): cpu = 00:00:00 ; elapsed = 00:00:00.262 . Memory (MB): peak = 1777.648 ; gain = 0.000

Starting Power Optimization Task
INFO: [Pwropt 34-132] Skipping clock gating for clocks with a period < 2.00 ns.
Ending Power Optimization Task | Checksum: 124411e4f

Time (s): cpu = 00:00:00 ; elapsed = 00:00:00.013 . Memory (MB): peak = 1777.648 ; gain = 0.000

Starting Final Cleanup Task
Ending Final Cleanup Task | Checksum: 124411e4f

Time (s): cpu = 00:00:00 ; elapsed = 00:00:00 . Memory (MB): peak = 1777.648 ; gain = 0.000

Starting Netlist Obfuscation Task
Netlist sorting complete. Time (s): cpu = 00:00:00 ; elapsed = 00:00:00.001 . Memory (MB): peak = 1777.648 ; gain = 0.000
Ending Netlist Obfuscation Task | Checksum: 124411e4f

Time (s): cpu = 00:00:00 ; elapsed = 00:00:00.001 . Memory (MB): peak = 1777.648 ; gain = 0.000
INFO: [Common 17-83] Releasing license: Implementation
27 Infos, 0 Warnings, 0 Critical Warnings and 0 Errors encountered.
opt_design completed successfully
opt_design: Time (s): cpu = 00:00:09 ; elapsed = 00:00:09 . Memory (MB): peak = 1777.648 ; gain = 525.625
INFO: [Timing 38-35] Done setting XDC timing constraints.
INFO: [Timing 38-480] Writing timing data to binary archive.
Writing placer database...
Writing XDEF routing.
Writing XDEF routing logical nets.
Writing XDEF routing special nets.
Write XDEF Complete: Time (s): cpu = 00:00:01 ; elapsed = 00:00:00.044 . Memory (MB): peak = 1777.648 ; gain = 0.000
INFO: [Common 17-1381] The checkpoint 'C:/git/bldc-driver-fpga/hardware_design/vivado_project/tadc/tadc.runs/impl_1/tadc_wrapper_opt.dcp' has been generated.
INFO: [runtcl-4] Executing : report_drc -file tadc_wrapper_drc_opted.rpt -pb tadc_wrapper_drc_opted.pb -rpx tadc_wrapper_drc_opted.rpx
Command: report_drc -file tadc_wrapper_drc_opted.rpt -pb tadc_wrapper_drc_opted.pb -rpx tadc_wrapper_drc_opted.rpx
INFO: [IP_Flow 19-1839] IP Catalog is up to date.
INFO: [DRC 23-27] Running DRC with 2 threads
INFO: [Vivado_Tcl 2-168] The results of DRC are in file C:/git/bldc-driver-fpga/hardware_design/vivado_project/tadc/tadc.runs/impl_1/tadc_wrapper_drc_opted.rpt.
report_drc completed successfully
Command: place_design
Attempting to get a license for feature 'Implementation' and/or device 'xc7z020'
INFO: [Common 17-349] Got license for feature 'Implementation' and/or device 'xc7z020'
INFO: [DRC 23-27] Running DRC with 2 threads
INFO: [Vivado_Tcl 4-198] DRC finished with 0 Errors
INFO: [Vivado_Tcl 4-199] Please refer to the DRC report (report_drc) for more information.
Running DRC as a precondition to command place_design
INFO: [DRC 23-27] Running DRC with 2 threads
INFO: [Vivado_Tcl 4-198] DRC finished with 0 Errors
INFO: [Vivado_Tcl 4-199] Please refer to the DRC report (report_drc) for more information.

Starting Placer Task
INFO: [Place 30-611] Multithreading enabled for place_design using a maximum of 2 CPUs

Phase 1 Placer Initialization

Phase 1.1 Placer Initialization Netlist Sorting
Netlist sorting complete. Time (s): cpu = 00:00:00 ; elapsed = 00:00:00.001 . Memory (MB): peak = 1817.711 ; gain = 0.000
Phase 1.1 Placer Initialization Netlist Sorting | Checksum: 903ad3f9

Time (s): cpu = 00:00:00 ; elapsed = 00:00:00.014 . Memory (MB): peak = 1817.711 ; gain = 0.000
Netlist sorting complete. Time (s): cpu = 00:00:00 ; elapsed = 00:00:00.001 . Memory (MB): peak = 1817.711 ; gain = 0.000

Phase 1.2 IO Placement/ Clock Placement/ Build Placer Device
Phase 1.2 IO Placement/ Clock Placement/ Build Placer Device | Checksum: 17ac30f9d

Time (s): cpu = 00:00:01 ; elapsed = 00:00:00.360 . Memory (MB): peak = 1817.711 ; gain = 0.000

Phase 1.3 Build Placer Netlist Model
Phase 1.3 Build Placer Netlist Model | Checksum: 17486bc12

Time (s): cpu = 00:00:01 ; elapsed = 00:00:00.637 . Memory (MB): peak = 1817.711 ; gain = 0.000

Phase 1.4 Constrain Clocks/Macros
Phase 1.4 Constrain Clocks/Macros | Checksum: 17486bc12

Time (s): cpu = 00:00:01 ; elapsed = 00:00:00.642 . Memory (MB): peak = 1817.711 ; gain = 0.000
Phase 1 Placer Initialization | Checksum: 17486bc12

Time (s): cpu = 00:00:01 ; elapsed = 00:00:00.651 . Memory (MB): peak = 1817.711 ; gain = 0.000

Phase 2 Global Placement

Phase 2.1 Floorplanning
Phase 2.1 Floorplanning | Checksum: 2084fae64

Time (s): cpu = 00:00:01 ; elapsed = 00:00:00.761 . Memory (MB): peak = 1817.711 ; gain = 0.000

Phase 2.2 Update Timing before SLR Path Opt
Phase 2.2 Update Timing before SLR Path Opt | Checksum: 19a22130b

Time (s): cpu = 00:00:01 ; elapsed = 00:00:00.837 . Memory (MB): peak = 1817.711 ; gain = 0.000

Phase 2.3 Post-Processing in Floorplanning
Phase 2.3 Post-Processing in Floorplanning | Checksum: 19a22130b

Time (s): cpu = 00:00:01 ; elapsed = 00:00:00.841 . Memory (MB): peak = 1817.711 ; gain = 0.000

Phase 2.4 Global Placement Core

Phase 2.4.1 Physical Synthesis In Placer
INFO: [Physopt 32-1035] Found 0 LUTNM shape to break, 35 LUT instances to create LUTNM shape
INFO: [Physopt 32-1044] Break lutnm for timing: one critical 0, two critical 0, total 0, new lutff created 0
INFO: [Physopt 32-1138] End 1 Pass. Optimized 13 nets or LUTs. Breaked 0 LUT, combined 13 existing LUTs and moved 0 existing LUT
INFO: [Physopt 32-65] No nets found for high-fanout optimization.
INFO: [Physopt 32-232] Optimized 0 net. Created 0 new instance.
INFO: [Physopt 32-775] End 1 Pass. Optimized 0 net or cell. Created 0 new cell, deleted 0 existing cell and moved 0 existing cell
INFO: [Physopt 32-670] No setup violation found.  DSP Register Optimization was not performed.
INFO: [Physopt 32-670] No setup violation found.  Shift Register to Pipeline Optimization was not performed.
INFO: [Physopt 32-670] No setup violation found.  Shift Register Optimization was not performed.
INFO: [Physopt 32-670] No setup violation found.  BRAM Register Optimization was not performed.
INFO: [Physopt 32-670] No setup violation found.  URAM Register Optimization was not performed.
INFO: [Physopt 32-949] No candidate nets found for dynamic/static region interface net replication
INFO: [Physopt 32-775] End 1 Pass. Optimized 0 net or cell. Created 0 new cell, deleted 0 existing cell and moved 0 existing cell
Netlist sorting complete. Time (s): cpu = 00:00:00 ; elapsed = 00:00:00.001 . Memory (MB): peak = 1817.711 ; gain = 0.000

Summary of Physical Synthesis Optimizations
============================================


-----------------------------------------------------------------------------------------------------------------------------------------------------------
|  Optimization                                     |  Added Cells  |  Removed Cells  |  Optimized Cells/Nets  |  Dont Touch  |  Iterations  |  Elapsed   |
-----------------------------------------------------------------------------------------------------------------------------------------------------------
|  LUT Combining                                    |            0  |             13  |                    13  |           0  |           1  |  00:00:00  |
|  Retime                                           |            0  |              0  |                     0  |           0  |           1  |  00:00:00  |
|  Very High Fanout                                 |            0  |              0  |                     0  |           0  |           1  |  00:00:00  |
|  DSP Register                                     |            0  |              0  |                     0  |           0  |           0  |  00:00:00  |
|  Shift Register to Pipeline                       |            0  |              0  |                     0  |           0  |           0  |  00:00:00  |
|  Shift Register                                   |            0  |              0  |                     0  |           0  |           0  |  00:00:00  |
|  BRAM Register                                    |            0  |              0  |                     0  |           0  |           0  |  00:00:00  |
|  URAM Register                                    |            0  |              0  |                     0  |           0  |           0  |  00:00:00  |
|  Dynamic/Static Region Interface Net Replication  |            0  |              0  |                     0  |           0  |           1  |  00:00:00  |
|  Total                                            |            0  |             13  |                    13  |           0  |           4  |  00:00:00  |
-----------------------------------------------------------------------------------------------------------------------------------------------------------


Phase 2.4.1 Physical Synthesis In Placer | Checksum: 125e1db67

Time (s): cpu = 00:00:05 ; elapsed = 00:00:03 . Memory (MB): peak = 1817.711 ; gain = 0.000
Phase 2.4 Global Placement Core | Checksum: 12df47a75

Time (s): cpu = 00:00:05 ; elapsed = 00:00:03 . Memory (MB): peak = 1817.711 ; gain = 0.000
Phase 2 Global Placement | Checksum: 12df47a75

Time (s): cpu = 00:00:05 ; elapsed = 00:00:03 . Memory (MB): peak = 1817.711 ; gain = 0.000

Phase 3 Detail Placement

Phase 3.1 Commit Multi Column Macros
Phase 3.1 Commit Multi Column Macros | Checksum: baa576b4

Time (s): cpu = 00:00:05 ; elapsed = 00:00:03 . Memory (MB): peak = 1817.711 ; gain = 0.000

Phase 3.2 Commit Most Macros & LUTRAMs
Phase 3.2 Commit Most Macros & LUTRAMs | Checksum: 20859af81

Time (s): cpu = 00:00:06 ; elapsed = 00:00:03 . Memory (MB): peak = 1817.711 ; gain = 0.000

Phase 3.3 Area Swap Optimization
Phase 3.3 Area Swap Optimization | Checksum: 1d3e1742d

Time (s): cpu = 00:00:06 ; elapsed = 00:00:03 . Memory (MB): peak = 1817.711 ; gain = 0.000

Phase 3.4 Pipeline Register Optimization
Phase 3.4 Pipeline Register Optimization | Checksum: 1b3fc5fbe

Time (s): cpu = 00:00:06 ; elapsed = 00:00:03 . Memory (MB): peak = 1817.711 ; gain = 0.000

Phase 3.5 Small Shape Detail Placement
Phase 3.5 Small Shape Detail Placement | Checksum: 1d5779b46

Time (s): cpu = 00:00:06 ; elapsed = 00:00:03 . Memory (MB): peak = 1817.711 ; gain = 0.000

Phase 3.6 Re-assign LUT pins
Phase 3.6 Re-assign LUT pins | Checksum: 20009f757

Time (s): cpu = 00:00:06 ; elapsed = 00:00:03 . Memory (MB): peak = 1817.711 ; gain = 0.000

Phase 3.7 Pipeline Register Optimization
Phase 3.7 Pipeline Register Optimization | Checksum: 1e05ee1d2

Time (s): cpu = 00:00:06 ; elapsed = 00:00:03 . Memory (MB): peak = 1817.711 ; gain = 0.000
Phase 3 Detail Placement | Checksum: 1e05ee1d2

Time (s): cpu = 00:00:06 ; elapsed = 00:00:03 . Memory (MB): peak = 1817.711 ; gain = 0.000

Phase 4 Post Placement Optimization and Clean-Up

Phase 4.1 Post Commit Optimization
INFO: [Timing 38-35] Done setting XDC timing constraints.

Phase 4.1.1 Post Placement Optimization
Post Placement Optimization Initialization | Checksum: 26b7b54c0

Phase 4.1.1.1 BUFG Insertion

Starting Physical Synthesis Task

Phase 1 Physical Synthesis Initialization
INFO: [Physopt 32-721] Multithreading enabled for phys_opt_design using a maximum of 2 CPUs
INFO: [Physopt 32-619] Estimated Timing Summary | WNS=2.498 | TNS=0.000 |
Phase 1 Physical Synthesis Initialization | Checksum: 20e27dc0d

Time (s): cpu = 00:00:00 ; elapsed = 00:00:00.067 . Memory (MB): peak = 1817.711 ; gain = 0.000
INFO: [Place 46-56] BUFG insertion identified 0 candidate nets. Inserted BUFG: 0, Replicated BUFG Driver: 0, Skipped due to Placement/Routing Conflicts: 0, Skipped due to Timing Degradation: 0, Skipped due to Illegal Netlist: 0.
Ending Physical Synthesis Task | Checksum: 261a8580e

Time (s): cpu = 00:00:00 ; elapsed = 00:00:00.072 . Memory (MB): peak = 1817.711 ; gain = 0.000
Phase 4.1.1.1 BUFG Insertion | Checksum: 26b7b54c0

Time (s): cpu = 00:00:07 ; elapsed = 00:00:04 . Memory (MB): peak = 1817.711 ; gain = 0.000

Phase 4.1.1.2 Post Placement Timing Optimization
INFO: [Place 30-746] Post Placement Timing Summary WNS=2.498. For the most accurate timing information please run report_timing.
Phase 4.1.1.2 Post Placement Timing Optimization | Checksum: 2939accb9

Time (s): cpu = 00:00:07 ; elapsed = 00:00:04 . Memory (MB): peak = 1817.711 ; gain = 0.000

Time (s): cpu = 00:00:07 ; elapsed = 00:00:04 . Memory (MB): peak = 1817.711 ; gain = 0.000
Phase 4.1 Post Commit Optimization | Checksum: 2939accb9

Time (s): cpu = 00:00:07 ; elapsed = 00:00:04 . Memory (MB): peak = 1817.711 ; gain = 0.000

Phase 4.2 Post Placement Cleanup
Phase 4.2 Post Placement Cleanup | Checksum: 2939accb9

Time (s): cpu = 00:00:07 ; elapsed = 00:00:04 . Memory (MB): peak = 1817.711 ; gain = 0.000

Phase 4.3 Placer Reporting

Phase 4.3.1 Print Estimated Congestion
INFO: [Place 30-612] Post-Placement Estimated Congestion 
 ____________________________________________________
|           | Global Congestion | Short Congestion  |
| Direction | Region Size       | Region Size       |
|___________|___________________|___________________|
|      North|                1x1|                1x1|
|___________|___________________|___________________|
|      South|                1x1|                1x1|
|___________|___________________|___________________|
|       East|                1x1|                1x1|
|___________|___________________|___________________|
|       West|                1x1|                1x1|
|___________|___________________|___________________|

Phase 4.3.1 Print Estimated Congestion | Checksum: 2939accb9

Time (s): cpu = 00:00:07 ; elapsed = 00:00:04 . Memory (MB): peak = 1817.711 ; gain = 0.000
Phase 4.3 Placer Reporting | Checksum: 2939accb9

Time (s): cpu = 00:00:07 ; elapsed = 00:00:04 . Memory (MB): peak = 1817.711 ; gain = 0.000

Phase 4.4 Final Placement Cleanup
Netlist sorting complete. Time (s): cpu = 00:00:00 ; elapsed = 00:00:00.001 . Memory (MB): peak = 1817.711 ; gain = 0.000

Time (s): cpu = 00:00:07 ; elapsed = 00:00:04 . Memory (MB): peak = 1817.711 ; gain = 0.000
Phase 4 Post Placement Optimization and Clean-Up | Checksum: 28bdf300b

Time (s): cpu = 00:00:07 ; elapsed = 00:00:04 . Memory (MB): peak = 1817.711 ; gain = 0.000
Ending Placer Task | Checksum: 1c5e6710a

Time (s): cpu = 00:00:07 ; elapsed = 00:00:04 . Memory (MB): peak = 1817.711 ; gain = 0.000
INFO: [Common 17-83] Releasing license: Implementation
62 Infos, 0 Warnings, 0 Critical Warnings and 0 Errors encountered.
place_design completed successfully
INFO: [Timing 38-480] Writing timing data to binary archive.
Writing placer database...
Writing XDEF routing.
Writing XDEF routing logical nets.
Writing XDEF routing special nets.
Write XDEF Complete: Time (s): cpu = 00:00:00 ; elapsed = 00:00:00.146 . Memory (MB): peak = 1817.711 ; gain = 0.000
INFO: [Common 17-1381] The checkpoint 'C:/git/bldc-driver-fpga/hardware_design/vivado_project/tadc/tadc.runs/impl_1/tadc_wrapper_placed.dcp' has been generated.
INFO: [runtcl-4] Executing : report_io -file tadc_wrapper_io_placed.rpt
report_io: Time (s): cpu = 00:00:00 ; elapsed = 00:00:00.048 . Memory (MB): peak = 1817.711 ; gain = 0.000
INFO: [runtcl-4] Executing : report_utilization -file tadc_wrapper_utilization_placed.rpt -pb tadc_wrapper_utilization_placed.pb
INFO: [runtcl-4] Executing : report_control_sets -verbose -file tadc_wrapper_control_sets_placed.rpt
report_control_sets: Time (s): cpu = 00:00:00 ; elapsed = 00:00:00.006 . Memory (MB): peak = 1817.711 ; gain = 0.000
Command: phys_opt_design
Attempting to get a license for feature 'Implementation' and/or device 'xc7z020'
INFO: [Common 17-349] Got license for feature 'Implementation' and/or device 'xc7z020'
INFO: [Vivado_Tcl 4-383] Design worst setup slack (WNS) is greater than or equal to 0.000 ns. Skipping all physical synthesis optimizations.
INFO: [Vivado_Tcl 4-232] No setup violation found. The netlist was not modified.
INFO: [Common 17-83] Releasing license: Implementation
71 Infos, 0 Warnings, 0 Critical Warnings and 0 Errors encountered.
phys_opt_design completed successfully
INFO: [Timing 38-480] Writing timing data to binary archive.
Writing placer database...
Writing XDEF routing.
Writing XDEF routing logical nets.
Writing XDEF routing special nets.
Write XDEF Complete: Time (s): cpu = 00:00:01 ; elapsed = 00:00:00.143 . Memory (MB): peak = 1822.969 ; gain = 5.258
INFO: [Common 17-1381] The checkpoint 'C:/git/bldc-driver-fpga/hardware_design/vivado_project/tadc/tadc.runs/impl_1/tadc_wrapper_physopt.dcp' has been generated.
Command: route_design
Attempting to get a license for feature 'Implementation' and/or device 'xc7z020'
INFO: [Common 17-349] Got license for feature 'Implementation' and/or device 'xc7z020'
Running DRC as a precondition to command route_design
INFO: [DRC 23-27] Running DRC with 2 threads
INFO: [Vivado_Tcl 4-198] DRC finished with 0 Errors
INFO: [Vivado_Tcl 4-199] Please refer to the DRC report (report_drc) for more information.


Starting Routing Task
INFO: [Route 35-254] Multithreading enabled for route_design using a maximum of 2 CPUs

Phase 1 Build RT Design
Checksum: PlaceDB: f159c309 ConstDB: 0 ShapeSum: d48cae01 RouteDB: 0
Post Restoration Checksum: NetGraph: 90ea0cc0 NumContArr: 72f797e0 Constraints: 0 Timing: 0
Phase 1 Build RT Design | Checksum: 103e1a4a0

Time (s): cpu = 00:00:19 ; elapsed = 00:00:17 . Memory (MB): peak = 1916.133 ; gain = 82.094

Phase 2 Router Initialization

Phase 2.1 Create Timer
Phase 2.1 Create Timer | Checksum: 103e1a4a0

Time (s): cpu = 00:00:20 ; elapsed = 00:00:17 . Memory (MB): peak = 1916.152 ; gain = 82.113

Phase 2.2 Fix Topology Constraints
Phase 2.2 Fix Topology Constraints | Checksum: 103e1a4a0

Time (s): cpu = 00:00:20 ; elapsed = 00:00:17 . Memory (MB): peak = 1922.711 ; gain = 88.672

Phase 2.3 Pre Route Cleanup
Phase 2.3 Pre Route Cleanup | Checksum: 103e1a4a0

Time (s): cpu = 00:00:20 ; elapsed = 00:00:17 . Memory (MB): peak = 1922.711 ; gain = 88.672
 Number of Nodes with overlaps = 0

Phase 2.4 Update Timing
Phase 2.4 Update Timing | Checksum: 17feaf5b2

Time (s): cpu = 00:00:20 ; elapsed = 00:00:18 . Memory (MB): peak = 1947.090 ; gain = 113.051
INFO: [Route 35-416] Intermediate Timing Summary | WNS=2.654  | TNS=0.000  | WHS=-0.280 | THS=-31.449|


Router Utilization Summary
  Global Vertical Routing Utilization    = 0 %
  Global Horizontal Routing Utilization  = 0 %
  Routable Net Status*
  *Does not include unroutable nets such as driverless and loadless.
  Run report_route_status for detailed report.
  Number of Failed Nets               = 1923
    (Failed Nets is the sum of unrouted and partially routed nets)
  Number of Unrouted Nets             = 1923
  Number of Partially Routed Nets     = 0
  Number of Node Overlaps             = 0

Phase 2 Router Initialization | Checksum: 242762412

Time (s): cpu = 00:00:20 ; elapsed = 00:00:18 . Memory (MB): peak = 1947.090 ; gain = 113.051

Phase 3 Initial Routing

Phase 3.1 Global Routing
Phase 3.1 Global Routing | Checksum: 242762412

Time (s): cpu = 00:00:20 ; elapsed = 00:00:18 . Memory (MB): peak = 1947.090 ; gain = 113.051
Phase 3 Initial Routing | Checksum: 12ff9e770

Time (s): cpu = 00:00:21 ; elapsed = 00:00:18 . Memory (MB): peak = 1947.090 ; gain = 113.051

Phase 4 Rip-up And Reroute

Phase 4.1 Global Iteration 0
 Number of Nodes with overlaps = 108
 Number of Nodes with overlaps = 3
 Number of Nodes with overlaps = 0
INFO: [Route 35-416] Intermediate Timing Summary | WNS=3.113  | TNS=0.000  | WHS=N/A    | THS=N/A    |

Phase 4.1 Global Iteration 0 | Checksum: 214e3f1e3

Time (s): cpu = 00:00:21 ; elapsed = 00:00:18 . Memory (MB): peak = 1947.090 ; gain = 113.051

Phase 4.2 Global Iteration 1
 Number of Nodes with overlaps = 1
 Number of Nodes with overlaps = 0
INFO: [Route 35-416] Intermediate Timing Summary | WNS=3.113  | TNS=0.000  | WHS=N/A    | THS=N/A    |

Phase 4.2 Global Iteration 1 | Checksum: 13fb057a3

Time (s): cpu = 00:00:21 ; elapsed = 00:00:18 . Memory (MB): peak = 1947.090 ; gain = 113.051
Phase 4 Rip-up And Reroute | Checksum: 13fb057a3

Time (s): cpu = 00:00:21 ; elapsed = 00:00:18 . Memory (MB): peak = 1947.090 ; gain = 113.051

Phase 5 Delay and Skew Optimization

Phase 5.1 Delay CleanUp
Phase 5.1 Delay CleanUp | Checksum: 13fb057a3

Time (s): cpu = 00:00:21 ; elapsed = 00:00:18 . Memory (MB): peak = 1947.090 ; gain = 113.051

Phase 5.2 Clock Skew Optimization
Phase 5.2 Clock Skew Optimization | Checksum: 13fb057a3

Time (s): cpu = 00:00:21 ; elapsed = 00:00:18 . Memory (MB): peak = 1947.090 ; gain = 113.051
Phase 5 Delay and Skew Optimization | Checksum: 13fb057a3

Time (s): cpu = 00:00:21 ; elapsed = 00:00:18 . Memory (MB): peak = 1947.090 ; gain = 113.051

Phase 6 Post Hold Fix

Phase 6.1 Hold Fix Iter

Phase 6.1.1 Update Timing
Phase 6.1.1 Update Timing | Checksum: 1e2a1d2c1

Time (s): cpu = 00:00:21 ; elapsed = 00:00:19 . Memory (MB): peak = 1947.090 ; gain = 113.051
INFO: [Route 35-416] Intermediate Timing Summary | WNS=3.127  | TNS=0.000  | WHS=0.028  | THS=0.000  |

Phase 6.1 Hold Fix Iter | Checksum: 18d2463f8

Time (s): cpu = 00:00:21 ; elapsed = 00:00:19 . Memory (MB): peak = 1947.090 ; gain = 113.051
Phase 6 Post Hold Fix | Checksum: 18d2463f8

Time (s): cpu = 00:00:21 ; elapsed = 00:00:19 . Memory (MB): peak = 1947.090 ; gain = 113.051

Phase 7 Route finalize

Router Utilization Summary
  Global Vertical Routing Utilization    = 0.221238 %
  Global Horizontal Routing Utilization  = 0.295047 %
  Routable Net Status*
  *Does not include unroutable nets such as driverless and loadless.
  Run report_route_status for detailed report.
  Number of Failed Nets               = 0
    (Failed Nets is the sum of unrouted and partially routed nets)
  Number of Unrouted Nets             = 0
  Number of Partially Routed Nets     = 0
  Number of Node Overlaps             = 0

Phase 7 Route finalize | Checksum: 1ccb86c3c

Time (s): cpu = 00:00:21 ; elapsed = 00:00:19 . Memory (MB): peak = 1947.090 ; gain = 113.051

Phase 8 Verifying routed nets

 Verification completed successfully
Phase 8 Verifying routed nets | Checksum: 1ccb86c3c

Time (s): cpu = 00:00:21 ; elapsed = 00:00:19 . Memory (MB): peak = 1947.090 ; gain = 113.051

Phase 9 Depositing Routes
Phase 9 Depositing Routes | Checksum: 2433258d8

Time (s): cpu = 00:00:22 ; elapsed = 00:00:19 . Memory (MB): peak = 1947.090 ; gain = 113.051

Phase 10 Post Router Timing
INFO: [Route 35-57] Estimated Timing Summary | WNS=3.127  | TNS=0.000  | WHS=0.028  | THS=0.000  |

INFO: [Route 35-327] The final timing numbers are based on the router estimated timing analysis. For a complete and accurate timing signoff, please run report_timing_summary.
Phase 10 Post Router Timing | Checksum: 2433258d8

Time (s): cpu = 00:00:22 ; elapsed = 00:00:19 . Memory (MB): peak = 1947.090 ; gain = 113.051
INFO: [Route 35-16] Router Completed Successfully

Time (s): cpu = 00:00:22 ; elapsed = 00:00:19 . Memory (MB): peak = 1947.090 ; gain = 113.051

Routing Is Done.
INFO: [Common 17-83] Releasing license: Implementation
86 Infos, 0 Warnings, 0 Critical Warnings and 0 Errors encountered.
route_design completed successfully
route_design: Time (s): cpu = 00:00:24 ; elapsed = 00:00:20 . Memory (MB): peak = 1947.090 ; gain = 124.121
INFO: [Timing 38-480] Writing timing data to binary archive.
Writing placer database...
Writing XDEF routing.
Writing XDEF routing logical nets.
Writing XDEF routing special nets.
Write XDEF Complete: Time (s): cpu = 00:00:00 ; elapsed = 00:00:00.169 . Memory (MB): peak = 1952.082 ; gain = 4.992
INFO: [Common 17-1381] The checkpoint 'C:/git/bldc-driver-fpga/hardware_design/vivado_project/tadc/tadc.runs/impl_1/tadc_wrapper_routed.dcp' has been generated.
INFO: [runtcl-4] Executing : report_drc -file tadc_wrapper_drc_routed.rpt -pb tadc_wrapper_drc_routed.pb -rpx tadc_wrapper_drc_routed.rpx
Command: report_drc -file tadc_wrapper_drc_routed.rpt -pb tadc_wrapper_drc_routed.pb -rpx tadc_wrapper_drc_routed.rpx
INFO: [IP_Flow 19-1839] IP Catalog is up to date.
INFO: [DRC 23-27] Running DRC with 2 threads
INFO: [Vivado_Tcl 2-168] The results of DRC are in file C:/git/bldc-driver-fpga/hardware_design/vivado_project/tadc/tadc.runs/impl_1/tadc_wrapper_drc_routed.rpt.
report_drc completed successfully
INFO: [runtcl-4] Executing : report_methodology -file tadc_wrapper_methodology_drc_routed.rpt -pb tadc_wrapper_methodology_drc_routed.pb -rpx tadc_wrapper_methodology_drc_routed.rpx
Command: report_methodology -file tadc_wrapper_methodology_drc_routed.rpt -pb tadc_wrapper_methodology_drc_routed.pb -rpx tadc_wrapper_methodology_drc_routed.rpx
INFO: [Timing 38-35] Done setting XDC timing constraints.
INFO: [DRC 23-133] Running Methodology with 2 threads
INFO: [Vivado_Tcl 2-1520] The results of Report Methodology are in file C:/git/bldc-driver-fpga/hardware_design/vivado_project/tadc/tadc.runs/impl_1/tadc_wrapper_methodology_drc_routed.rpt.
report_methodology completed successfully
INFO: [runtcl-4] Executing : report_power -file tadc_wrapper_power_routed.rpt -pb tadc_wrapper_power_summary_routed.pb -rpx tadc_wrapper_power_routed.rpx
Command: report_power -file tadc_wrapper_power_routed.rpt -pb tadc_wrapper_power_summary_routed.pb -rpx tadc_wrapper_power_routed.rpx
INFO: [Timing 38-35] Done setting XDC timing constraints.
Running Vector-less Activity Propagation...

Finished Running Vector-less Activity Propagation
98 Infos, 0 Warnings, 0 Critical Warnings and 0 Errors encountered.
report_power completed successfully
INFO: [runtcl-4] Executing : report_route_status -file tadc_wrapper_route_status.rpt -pb tadc_wrapper_route_status.pb
INFO: [runtcl-4] Executing : report_timing_summary -max_paths 10 -report_unconstrained -file tadc_wrapper_timing_summary_routed.rpt -pb tadc_wrapper_timing_summary_routed.pb -rpx tadc_wrapper_timing_summary_routed.rpx -warn_on_violation 
INFO: [Timing 38-91] UpdateTimingParams: Speed grade: -1, Delay Type: min_max.
INFO: [Timing 38-191] Multithreading enabled for timing update using a maximum of 2 CPUs
INFO: [runtcl-4] Executing : report_incremental_reuse -file tadc_wrapper_incremental_reuse_routed.rpt
INFO: [Vivado_Tcl 4-1062] Incremental flow is disabled. No incremental reuse Info to report.
INFO: [runtcl-4] Executing : report_clock_utilization -file tadc_wrapper_clock_utilization_routed.rpt
INFO: [runtcl-4] Executing : report_bus_skew -warn_on_violation -file tadc_wrapper_bus_skew_routed.rpt -pb tadc_wrapper_bus_skew_routed.pb -rpx tadc_wrapper_bus_skew_routed.rpx
INFO: [Timing 38-91] UpdateTimingParams: Speed grade: -1, Delay Type: min_max.
INFO: [Timing 38-191] Multithreading enabled for timing update using a maximum of 2 CPUs
INFO: [Common 17-206] Exiting Vivado at Thu Jan  6 15:54:49 2022...

*** Running vivado
    with args -log tadc_wrapper.vdi -applog -m64 -product Vivado -messageDb vivado.pb -mode batch -source tadc_wrapper.tcl -notrace



****** Vivado v2021.2 (64-bit)
  **** SW Build 3367213 on Tue Oct 19 02:48:09 MDT 2021
  **** IP Build 3369179 on Thu Oct 21 08:25:16 MDT 2021
    ** Copyright 1986-2021 Xilinx, Inc. All Rights Reserved.

Sourcing tcl script 'C:/Users/Keshav/AppData/Roaming/Xilinx/Vivado/Vivado_init.tcl'
source tadc_wrapper.tcl -notrace
Command: open_checkpoint tadc_wrapper_routed.dcp

Time (s): cpu = 00:00:00 ; elapsed = 00:00:00.032 . Memory (MB): peak = 1248.672 ; gain = 3.555
INFO: [Device 21-403] Loading part xc7z020clg400-1
Netlist sorting complete. Time (s): cpu = 00:00:00 ; elapsed = 00:00:00.057 . Memory (MB): peak = 1253.688 ; gain = 0.000
INFO: [Netlist 29-17] Analyzing 21 Unisim elements for replacement
INFO: [Netlist 29-28] Unisim Transformation completed in 0 CPU seconds
INFO: [Project 1-479] Netlist was created with Vivado 2021.2
INFO: [Project 1-570] Preparing netlist for logic optimization
INFO: [Timing 38-478] Restoring timing data from binary archive.
INFO: [Timing 38-479] Binary timing data restore complete.
INFO: [Project 1-856] Restoring constraints from binary archive.
INFO: [Project 1-853] Binary constraint restore complete.
Reading XDEF placement.
Reading placer database...
Reading XDEF routing.
Read XDEF File: Time (s): cpu = 00:00:00 ; elapsed = 00:00:00.268 . Memory (MB): peak = 1443.941 ; gain = 6.945
Restored from archive | CPU: 0.000000 secs | Memory: 0.000000 MB |
Finished XDEF File Restore: Time (s): cpu = 00:00:00 ; elapsed = 00:00:00.269 . Memory (MB): peak = 1443.941 ; gain = 6.945
Netlist sorting complete. Time (s): cpu = 00:00:00 ; elapsed = 00:00:00.001 . Memory (MB): peak = 1443.941 ; gain = 0.000
INFO: [Project 1-111] Unisim Transformation Summary:
No Unisim elements were transformed.

INFO: [Project 1-604] Checkpoint was created with Vivado v2021.2 (64-bit) build 3367213
open_checkpoint: Time (s): cpu = 00:00:14 ; elapsed = 00:00:14 . Memory (MB): peak = 1443.941 ; gain = 205.125
Command: write_bitstream -force tadc_wrapper.bit
Attempting to get a license for feature 'Implementation' and/or device 'xc7z020'
INFO: [Common 17-349] Got license for feature 'Implementation' and/or device 'xc7z020'
Running DRC as a precondition to command write_bitstream
INFO: [IP_Flow 19-234] Refreshing IP repositories
INFO: [IP_Flow 19-1704] No user IP repositories specified
INFO: [IP_Flow 19-2313] Loaded Vivado IP repository 'C:/Xilinx/Vivado/2021.2/data/ip'.
INFO: [DRC 23-27] Running DRC with 2 threads
INFO: [Vivado 12-3199] DRC finished with 0 Errors
INFO: [Vivado 12-3200] Please refer to the DRC report (report_drc) for more information.
INFO: [Designutils 20-2272] Running write_bitstream with 2 threads.
Loading data files...
Loading site data...
Loading route data...
Processing options...
Creating bitmap...
Creating bitstream...
Writing bitstream ./tadc_wrapper.bit...
INFO: [Vivado 12-1842] Bitgen Completed Successfully.
INFO: [Project 1-1876] WebTalk data collection is mandatory when using a ULT device. To see the specific WebTalk data collected for your design, open the usage_statistics_webtalk.html or usage_statistics_webtalk.xml file in the implementation directory.
INFO: [Common 17-83] Releasing license: Implementation
22 Infos, 0 Warnings, 0 Critical Warnings and 0 Errors encountered.
write_bitstream completed successfully
write_bitstream: Time (s): cpu = 00:00:11 ; elapsed = 00:00:10 . Memory (MB): peak = 1956.207 ; gain = 512.266
INFO: [Common 17-206] Exiting Vivado at Thu Jan  6 15:56:46 2022...
