Copyright 1986-2021 Xilinx, Inc. All Rights Reserved.
-----------------------------------------------------------------------------------------
| Tool Version : Vivado v.2021.2 (win64) Build 3367213 Tue Oct 19 02:48:09 MDT 2021
| Date         : Thu Jan  6 15:54:25 2022
| Host         : DESKTOP-J766HPL running 64-bit major release  (build 9200)
| Command      : report_control_sets -verbose -file tadc_wrapper_control_sets_placed.rpt
| Design       : tadc_wrapper
| Device       : xc7z020
-----------------------------------------------------------------------------------------

Control Set Information

Table of Contents
-----------------
1. Summary
2. Histogram
3. Flip-Flop Distribution
4. Detailed Control Set Information

1. Summary
----------

+----------------------------------------------------------+-------+
|                          Status                          | Count |
+----------------------------------------------------------+-------+
| Total control sets                                       |    57 |
|    Minimum number of control sets                        |    57 |
|    Addition due to synthesis replication                 |     0 |
|    Addition due to physical synthesis replication        |     0 |
| Unused register locations in slices containing registers |   168 |
+----------------------------------------------------------+-------+
* Control sets can be merged at opt_design using control_set_merge or merge_equivalent_drivers
** Run report_qor_suggestions for automated merging and remapping suggestions


2. Histogram
------------

+--------------------+-------+
|       Fanout       | Count |
+--------------------+-------+
| Total control sets |    57 |
| >= 0 to < 4        |     2 |
| >= 4 to < 6        |    16 |
| >= 6 to < 8        |     2 |
| >= 8 to < 10       |     5 |
| >= 10 to < 12      |     1 |
| >= 12 to < 14      |     2 |
| >= 14 to < 16      |     3 |
| >= 16              |    26 |
+--------------------+-------+
* Control sets can be remapped at either synth_design or opt_design


3. Flip-Flop Distribution
-------------------------

+--------------+-----------------------+------------------------+-----------------+--------------+
| Clock Enable | Synchronous Set/Reset | Asynchronous Set/Reset | Total Registers | Total Slices |
+--------------+-----------------------+------------------------+-----------------+--------------+
| No           | No                    | No                     |             386 |          112 |
| No           | No                    | Yes                    |               2 |            2 |
| No           | Yes                   | No                     |             180 |           61 |
| Yes          | No                    | No                     |             429 |           93 |
| Yes          | No                    | Yes                    |              10 |            3 |
| Yes          | Yes                   | No                     |             201 |           50 |
+--------------+-----------------------+------------------------+-----------------+--------------+


4. Detailed Control Set Information
-----------------------------------

+---------------------------------------------+-----------------------------------------------------------------------------------------------------------------------------------------------------------+---------------------------------------------------------------------------------------------------------------------------------------------------+------------------+----------------+--------------+
|                 Clock Signal                |                                                                       Enable Signal                                                                       |                                                                  Set/Reset Signal                                                                 | Slice Load Count | Bel Load Count | Bels / Slice |
+---------------------------------------------+-----------------------------------------------------------------------------------------------------------------------------------------------------------+---------------------------------------------------------------------------------------------------------------------------------------------------+------------------+----------------+--------------+
|  tadc_i/processing_system7_0/inst/FCLK_CLK0 | tadc_i/ps7_0_axi_periph/s00_couplers/auto_pc/inst/gen_axilite.gen_b2s_conv.axilite_b2s/WR.b_channel_0/bid_fifo_0/bresp_push                               |                                                                                                                                                   |                1 |              2 |         2.00 |
|  tadc_i/processing_system7_0/inst/FCLK_CLK0 |                                                                                                                                                           | tadc_i/xadc_wiz_0/U0/AXI_XADC_CORE_I/drp_to_axi4stream_inst/AR[0]                                                                                 |                2 |              2 |         1.00 |
|  tadc_i/processing_system7_0/inst/FCLK_CLK0 |                                                                                                                                                           | tadc_i/gpio_data0/U0/AXI_LITE_IPIF_I/I_SLAVE_ATTACHMENT/clear                                                                                     |                1 |              4 |         4.00 |
|  tadc_i/processing_system7_0/inst/FCLK_CLK0 |                                                                                                                                                           | tadc_i/gpio_data1/U0/AXI_LITE_IPIF_I/I_SLAVE_ATTACHMENT/clear                                                                                     |                1 |              4 |         4.00 |
|  tadc_i/processing_system7_0/inst/FCLK_CLK0 | tadc_i/gpio_data0/U0/AXI_LITE_IPIF_I/I_SLAVE_ATTACHMENT/bus2ip_addr_i[8]_i_1_n_0                                                                          | tadc_i/gpio_data0/U0/AXI_LITE_IPIF_I/I_SLAVE_ATTACHMENT/SR[0]                                                                                     |                1 |              4 |         4.00 |
|  tadc_i/processing_system7_0/inst/FCLK_CLK0 |                                                                                                                                                           | tadc_i/gpio_ctrl/U0/AXI_LITE_IPIF_I/I_SLAVE_ATTACHMENT/clear                                                                                      |                1 |              4 |         4.00 |
|  tadc_i/processing_system7_0/inst/FCLK_CLK0 | tadc_i/gpio_ctrl/U0/AXI_LITE_IPIF_I/I_SLAVE_ATTACHMENT/start2                                                                                             | tadc_i/gpio_ctrl/U0/AXI_LITE_IPIF_I/I_SLAVE_ATTACHMENT/I_DECODER/cs_ce_clr                                                                        |                1 |              4 |         4.00 |
|  tadc_i/processing_system7_0/inst/FCLK_CLK0 | tadc_i/gpio_ctrl/U0/AXI_LITE_IPIF_I/I_SLAVE_ATTACHMENT/bus2ip_addr_i[8]_i_1_n_0                                                                           | tadc_i/gpio_ctrl/U0/AXI_LITE_IPIF_I/I_SLAVE_ATTACHMENT/SS[0]                                                                                      |                1 |              4 |         4.00 |
|  tadc_i/processing_system7_0/inst/FCLK_CLK0 |                                                                                                                                                           | tadc_i/rst_ps7_0_100M/U0/EXT_LPF/lpf_int                                                                                                          |                2 |              4 |         2.00 |
|  tadc_i/processing_system7_0/inst/FCLK_CLK0 |                                                                                                                                                           | tadc_i/ps7_0_axi_periph/s00_couplers/auto_pc/inst/gen_axilite.gen_b2s_conv.axilite_b2s/SI_REG/b.b_pipe/aresetn_d_reg[1]_inv_0                     |                2 |              4 |         2.00 |
|  tadc_i/processing_system7_0/inst/FCLK_CLK0 |                                                                                                                                                           | tadc_i/ps7_0_axi_periph/s00_couplers/auto_pc/inst/gen_axilite.gen_b2s_conv.axilite_b2s/SI_REG/ar.ar_pipe/aresetn_d_reg[0]_0                       |                3 |              4 |         1.33 |
|  tadc_i/processing_system7_0/inst/FCLK_CLK0 | tadc_i/gpio_data0/U0/AXI_LITE_IPIF_I/I_SLAVE_ATTACHMENT/start2                                                                                            | tadc_i/gpio_data0/U0/AXI_LITE_IPIF_I/I_SLAVE_ATTACHMENT/I_DECODER/cs_ce_clr                                                                       |                1 |              4 |         4.00 |
|  tadc_i/processing_system7_0/inst/FCLK_CLK0 | tadc_i/gpio_data1/U0/AXI_LITE_IPIF_I/I_SLAVE_ATTACHMENT/bus2ip_addr_i[8]_i_1_n_0                                                                          | tadc_i/gpio_data1/U0/AXI_LITE_IPIF_I/I_SLAVE_ATTACHMENT/SR[0]                                                                                     |                1 |              4 |         4.00 |
|  tadc_i/processing_system7_0/inst/FCLK_CLK0 | tadc_i/xadc_wiz_0/U0/AXI_XADC_CORE_I/drp_to_axi4stream_inst/FSM_sequential_state[3]_i_1_n_0                                                               | tadc_i/xadc_wiz_0/U0/AXI_XADC_CORE_I/drp_to_axi4stream_inst/AR[0]                                                                                 |                1 |              4 |         4.00 |
|  tadc_i/processing_system7_0/inst/FCLK_CLK0 | tadc_i/gpio_data1/U0/AXI_LITE_IPIF_I/I_SLAVE_ATTACHMENT/start2                                                                                            | tadc_i/gpio_data1/U0/AXI_LITE_IPIF_I/I_SLAVE_ATTACHMENT/I_DECODER/cs_ce_clr                                                                       |                1 |              4 |         4.00 |
|  tadc_i/processing_system7_0/inst/FCLK_CLK0 | tadc_i/ps7_0_axi_periph/s00_couplers/auto_pc/inst/gen_axilite.gen_b2s_conv.axilite_b2s/RD.ar_channel_0/ar_cmd_fsm_0/m_valid_i_reg                         | tadc_i/ps7_0_axi_periph/s00_couplers/auto_pc/inst/gen_axilite.gen_b2s_conv.axilite_b2s/RD.ar_channel_0/ar_cmd_fsm_0/FSM_sequential_state_reg[1]_0 |                2 |              4 |         2.00 |
|  tadc_i/processing_system7_0/inst/FCLK_CLK0 | tadc_i/ps7_0_axi_periph/s00_couplers/auto_pc/inst/gen_axilite.gen_b2s_conv.axilite_b2s/RD.r_channel_0/transaction_fifo_0/cnt_read[4]_i_1_n_0              | tadc_i/ps7_0_axi_periph/s00_couplers/auto_pc/inst/gen_axilite.gen_b2s_conv.axilite_b2s/areset_d1                                                  |                2 |              5 |         2.50 |
|  tadc_i/processing_system7_0/inst/FCLK_CLK0 | tadc_i/ps7_0_axi_periph/s00_couplers/auto_pc/inst/gen_axilite.gen_b2s_conv.axilite_b2s/RD.r_channel_0/rd_data_fifo_0/cnt_read[4]_i_1__0_n_0               | tadc_i/ps7_0_axi_periph/s00_couplers/auto_pc/inst/gen_axilite.gen_b2s_conv.axilite_b2s/areset_d1                                                  |                2 |              5 |         2.50 |
|  tadc_i/processing_system7_0/inst/FCLK_CLK0 | tadc_i/rst_ps7_0_100M/U0/SEQ/seq_cnt_en                                                                                                                   | tadc_i/rst_ps7_0_100M/U0/SEQ/SEQ_COUNTER/clear                                                                                                    |                1 |              6 |         6.00 |
|  tadc_i/processing_system7_0/inst/FCLK_CLK0 | tadc_i/xadc_wiz_0/U0/AXI_XADC_CORE_I/drp_to_axi4stream_inst/channel_id[6]_i_1_n_0                                                                         | tadc_i/xadc_wiz_0/U0/AXI_XADC_CORE_I/drp_to_axi4stream_inst/AR[0]                                                                                 |                2 |              6 |         3.00 |
|  tadc_i/processing_system7_0/inst/FCLK_CLK0 | tadc_i/ps7_0_axi_periph/s00_couplers/auto_pc/inst/gen_axilite.gen_b2s_conv.axilite_b2s/WR.b_channel_0/mhandshake_r                                        | tadc_i/ps7_0_axi_periph/s00_couplers/auto_pc/inst/gen_axilite.gen_b2s_conv.axilite_b2s/WR.b_channel_0/bid_fifo_0/SR[0]                            |                3 |              8 |         2.67 |
|  tadc_i/processing_system7_0/inst/FCLK_CLK0 | tadc_i/ps7_0_axi_periph/s00_couplers/auto_pc/inst/gen_axilite.gen_b2s_conv.axilite_b2s/WR.aw_channel_0/aw_cmd_fsm_0/FSM_sequential_state_reg[0]_1[0]      |                                                                                                                                                   |                4 |              9 |         2.25 |
|  tadc_i/processing_system7_0/inst/FCLK_CLK0 | tadc_i/ps7_0_axi_periph/s00_couplers/auto_pc/inst/gen_axilite.gen_b2s_conv.axilite_b2s/RD.ar_channel_0/ar_cmd_fsm_0/E[0]                                  |                                                                                                                                                   |                5 |              9 |         1.80 |
|  tadc_i/processing_system7_0/inst/FCLK_CLK0 | tadc_i/ps7_0_axi_periph/s00_couplers/auto_pc/inst/gen_axilite.gen_b2s_conv.axilite_b2s/RD.ar_channel_0/ar_cmd_fsm_0/sel_first_reg_1[0]                    |                                                                                                                                                   |                2 |              9 |         4.50 |
|  tadc_i/processing_system7_0/inst/FCLK_CLK0 | tadc_i/ps7_0_axi_periph/s00_couplers/auto_pc/inst/gen_axilite.gen_b2s_conv.axilite_b2s/WR.aw_channel_0/cmd_translator_0/incr_cmd_0/axaddr_incr[8]_i_1_n_0 |                                                                                                                                                   |                2 |              9 |         4.50 |
|  tadc_i/processing_system7_0/inst/FCLK_CLK0 |                                                                                                                                                           | tadc_i/ps7_0_axi_periph/s00_couplers/auto_pc/inst/gen_axilite.gen_b2s_conv.axilite_b2s/areset_d1                                                  |                4 |             10 |         2.50 |
|  tadc_i/processing_system7_0/inst/FCLK_CLK0 |                                                                                                                                                           | tadc_i/ps7_0_axi_periph/xbar/inst/gen_sasd.crossbar_sasd_0/addr_arbiter_inst/SR[0]                                                                |                4 |             13 |         3.25 |
|  tadc_i/processing_system7_0/inst/FCLK_CLK0 | tadc_i/ps7_0_axi_periph/s00_couplers/auto_pc/inst/gen_axilite.gen_b2s_conv.axilite_b2s/RD.r_channel_0/r_push_r                                            |                                                                                                                                                   |                4 |             13 |         3.25 |
|  tadc_i/processing_system7_0/inst/FCLK_CLK0 | tadc_i/ps7_0_axi_periph/s00_couplers/auto_pc/inst/gen_axilite.gen_b2s_conv.axilite_b2s/SI_REG/b.b_pipe/s_ready_i_reg_0                                    |                                                                                                                                                   |                2 |             14 |         7.00 |
|  tadc_i/processing_system7_0/inst/FCLK_CLK0 | tadc_i/ps7_0_axi_periph/s00_couplers/auto_pc/inst/gen_axilite.gen_b2s_conv.axilite_b2s/SI_REG/b.b_pipe/p_1_in                                             |                                                                                                                                                   |                2 |             14 |         7.00 |
|  tadc_i/processing_system7_0/inst/FCLK_CLK0 | tadc_i/ps7_0_axi_periph/xbar/inst/gen_sasd.crossbar_sasd_0/reg_slice_r/aa_rready                                                                          |                                                                                                                                                   |                6 |             15 |         2.50 |
|  tadc_i/processing_system7_0/inst/FCLK_CLK0 |                                                                                                                                                           | tadc_i/gpio_data1/U0/AXI_LITE_IPIF_I/I_SLAVE_ATTACHMENT/I_DECODER/bus2ip_rnw_i_reg                                                                |                4 |             16 |         4.00 |
|  tadc_i/processing_system7_0/inst/FCLK_CLK0 | tadc_i/gpio_data0/U0/AXI_LITE_IPIF_I/I_SLAVE_ATTACHMENT/I_DECODER/bus2ip_rnw_i_reg[0]                                                                     | tadc_i/gpio_data0/U0/AXI_LITE_IPIF_I/I_SLAVE_ATTACHMENT/SR[0]                                                                                     |                3 |             16 |         5.33 |
|  tadc_i/processing_system7_0/inst/FCLK_CLK0 | tadc_i/ps7_0_axi_periph/s00_couplers/auto_pc/inst/gen_axilite.gen_b2s_conv.axilite_b2s/WR.aw_channel_0/aw_cmd_fsm_0/FSM_sequential_state_reg[0]_2         |                                                                                                                                                   |                3 |             16 |         5.33 |
|  tadc_i/processing_system7_0/inst/FCLK_CLK0 | tadc_i/gpio_data0/U0/AXI_LITE_IPIF_I/I_SLAVE_ATTACHMENT/I_DECODER/E[0]                                                                                    | tadc_i/gpio_data0/U0/AXI_LITE_IPIF_I/I_SLAVE_ATTACHMENT/SR[0]                                                                                     |                3 |             16 |         5.33 |
|  tadc_i/processing_system7_0/inst/FCLK_CLK0 | tadc_i/axis_split_0/U0/ch9_data[15]_i_1_n_0                                                                                                               | tadc_i/axis_split_0/U0/p_0_in                                                                                                                     |                5 |             16 |         3.20 |
|  tadc_i/processing_system7_0/inst/FCLK_CLK0 | tadc_i/axis_split_0/U0/ch6_data[15]_i_1_n_0                                                                                                               | tadc_i/axis_split_0/U0/p_0_in                                                                                                                     |                4 |             16 |         4.00 |
|  tadc_i/processing_system7_0/inst/FCLK_CLK0 | tadc_i/axis_split_0/U0/ch1_data[15]_i_2_n_0                                                                                                               | tadc_i/axis_split_0/U0/p_0_in                                                                                                                     |                5 |             16 |         3.20 |
|  tadc_i/processing_system7_0/inst/FCLK_CLK0 | tadc_i/gpio_data1/U0/AXI_LITE_IPIF_I/I_SLAVE_ATTACHMENT/I_DECODER/E[0]                                                                                    | tadc_i/gpio_data1/U0/AXI_LITE_IPIF_I/I_SLAVE_ATTACHMENT/SR[0]                                                                                     |                2 |             16 |         8.00 |
|  tadc_i/processing_system7_0/inst/FCLK_CLK0 | tadc_i/gpio_data0/U0/AXI_LITE_IPIF_I/I_SLAVE_ATTACHMENT/s_axi_rresp_i                                                                                     | tadc_i/gpio_data0/U0/AXI_LITE_IPIF_I/I_SLAVE_ATTACHMENT/SR[0]                                                                                     |                3 |             17 |         5.67 |
|  tadc_i/processing_system7_0/inst/FCLK_CLK0 | tadc_i/gpio_data1/U0/AXI_LITE_IPIF_I/I_SLAVE_ATTACHMENT/s_axi_rresp_i                                                                                     | tadc_i/gpio_data1/U0/AXI_LITE_IPIF_I/I_SLAVE_ATTACHMENT/SR[0]                                                                                     |                3 |             17 |         5.67 |
|  tadc_i/processing_system7_0/inst/FCLK_CLK0 | tadc_i/ps7_0_axi_periph/xbar/inst/gen_sasd.crossbar_sasd_0/addr_arbiter_inst/p_0_in1_in                                                                   | tadc_i/ps7_0_axi_periph/xbar/inst/gen_sasd.crossbar_sasd_0/addr_arbiter_inst/SR[0]                                                                |                6 |             19 |         3.17 |
|  tadc_i/processing_system7_0/inst/FCLK_CLK0 | tadc_i/ps7_0_axi_periph/s00_couplers/auto_pc/inst/gen_axilite.gen_b2s_conv.axilite_b2s/RD.ar_channel_0/ar_cmd_fsm_0/m_valid_i_reg                         |                                                                                                                                                   |                7 |             19 |         2.71 |
|  tadc_i/processing_system7_0/inst/FCLK_CLK0 |                                                                                                                                                           | tadc_i/gpio_ctrl/U0/AXI_LITE_IPIF_I/I_SLAVE_ATTACHMENT/SS[0]                                                                                      |                7 |             21 |         3.00 |
|  tadc_i/processing_system7_0/inst/FCLK_CLK0 | tadc_i/ps7_0_axi_periph/s00_couplers/auto_pc/inst/gen_axilite.gen_b2s_conv.axilite_b2s/WR.aw_channel_0/aw_cmd_fsm_0/E[0]                                  |                                                                                                                                                   |                8 |             22 |         2.75 |
|  tadc_i/processing_system7_0/inst/FCLK_CLK0 |                                                                                                                                                           | tadc_i/gpio_data1/U0/AXI_LITE_IPIF_I/I_SLAVE_ATTACHMENT/SR[0]                                                                                     |               10 |             32 |         3.20 |
|  tadc_i/processing_system7_0/inst/FCLK_CLK0 |                                                                                                                                                           | tadc_i/gpio_data0/U0/AXI_LITE_IPIF_I/I_SLAVE_ATTACHMENT/I_DECODER/bus2ip_rnw_i_reg_0                                                              |               11 |             32 |         2.91 |
|  tadc_i/processing_system7_0/inst/FCLK_CLK0 |                                                                                                                                                           | tadc_i/gpio_data0/U0/AXI_LITE_IPIF_I/I_SLAVE_ATTACHMENT/SR[0]                                                                                     |               11 |             32 |         2.91 |
|  tadc_i/processing_system7_0/inst/FCLK_CLK0 | tadc_i/ps7_0_axi_periph/s00_couplers/auto_pc/inst/gen_axilite.gen_b2s_conv.axilite_b2s/RD.r_channel_0/rd_data_fifo_0/wr_en0                               |                                                                                                                                                   |                9 |             34 |         3.78 |
|  tadc_i/processing_system7_0/inst/FCLK_CLK0 | tadc_i/ps7_0_axi_periph/xbar/inst/gen_sasd.crossbar_sasd_0/addr_arbiter_inst/E[0]                                                                         |                                                                                                                                                   |                7 |             35 |         5.00 |
|  tadc_i/processing_system7_0/inst/FCLK_CLK0 | tadc_i/ps7_0_axi_periph/s00_couplers/auto_pc/inst/gen_axilite.gen_b2s_conv.axilite_b2s/SI_REG/ar.ar_pipe/s_ready_i_reg_0                                  |                                                                                                                                                   |                9 |             45 |         5.00 |
|  tadc_i/processing_system7_0/inst/FCLK_CLK0 | tadc_i/ps7_0_axi_periph/s00_couplers/auto_pc/inst/gen_axilite.gen_b2s_conv.axilite_b2s/SI_REG/aw.aw_pipe/s_ready_i_reg_0                                  |                                                                                                                                                   |                8 |             45 |         5.62 |
|  tadc_i/processing_system7_0/inst/FCLK_CLK0 | tadc_i/ps7_0_axi_periph/s00_couplers/auto_pc/inst/gen_axilite.gen_b2s_conv.axilite_b2s/WR.aw_channel_0/aw_cmd_fsm_0/m_valid_i_reg[0]                      |                                                                                                                                                   |                7 |             45 |         6.43 |
|  tadc_i/processing_system7_0/inst/FCLK_CLK0 | tadc_i/ps7_0_axi_periph/s00_couplers/auto_pc/inst/gen_axilite.gen_b2s_conv.axilite_b2s/RD.ar_channel_0/ar_cmd_fsm_0/FSM_sequential_state_reg[1]_1[0]      |                                                                                                                                                   |                9 |             45 |         5.00 |
|  tadc_i/processing_system7_0/inst/FCLK_CLK0 | tadc_i/ps7_0_axi_periph/s00_couplers/auto_pc/inst/gen_axilite.gen_b2s_conv.axilite_b2s/SI_REG/r.r_pipe/p_1_in                                             |                                                                                                                                                   |                8 |             47 |         5.88 |
|  tadc_i/processing_system7_0/inst/FCLK_CLK0 | tadc_i/ps7_0_axi_periph/s00_couplers/auto_pc/inst/gen_axilite.gen_b2s_conv.axilite_b2s/SI_REG/r.r_pipe/s_ready_i_reg_0                                    |                                                                                                                                                   |                7 |             47 |         6.71 |
|  tadc_i/processing_system7_0/inst/FCLK_CLK0 |                                                                                                                                                           |                                                                                                                                                   |              113 |            387 |         3.42 |
+---------------------------------------------+-----------------------------------------------------------------------------------------------------------------------------------------------------------+---------------------------------------------------------------------------------------------------------------------------------------------------+------------------+----------------+--------------+


